<?xml version="1.0" encoding="UTF-8"?>
<!DOCTYPE html PUBLIC "-//W3C//DTD XHTML 1.0 Strict//EN" "http://www.w3.org/TR/xhtml1/DTD/xhtml1-strict.dtd">
<html xmlns="http://www.w3.org/1999/xhtml">
<head>
    <title>测试报告</title>
    <meta name="generator" content="HTMLTestRunner 0.8.2"/>
    <meta http-equiv="Content-Type" content="text/html; charset=UTF-8"/>
    
<style type="text/css" media="screen">
body        { font-family: verdana, arial, helvetica, sans-serif; font-size: 80%; }
table       { font-size: 100%; }
pre         { }

/* -- heading ---------------------------------------------------------------------- */
h1 {
	font-size: 16pt;
	color: gray;
}
.heading {
    margin-top: 0ex;
    margin-bottom: 1ex;
}

.heading .attribute {
    margin-top: 1ex;
    margin-bottom: 0;
}

.heading .description {
    margin-top: 4ex;
    margin-bottom: 6ex;
}

/* -- css div popup ------------------------------------------------------------------------ */
a.popup_link {
}

a.popup_link:hover {
    color: red;
}

.popup_window {
    display: none;
    position: relative;
    left: 0px;
    top: 0px;
    /*border: solid #627173 1px; */
    padding: 10px;
    background-color: #E6E6D6;
    font-family: "Lucida Console", "Courier New", Courier, monospace;
    text-align: left;
    font-size: 8pt;
    width: 500px;
}

}
/* -- report ------------------------------------------------------------------------ */
#show_detail_line {
    margin-top: 3ex;
    margin-bottom: 1ex;
}
#result_table {
    width: 80%;
    border-collapse: collapse;
    border: 1px solid #777;
}
#header_row {
    font-weight: bold;
    color: white;
    background-color: #777;
}
#result_table td {
    border: 1px solid #777;
    padding: 2px;
}
#total_row  { font-weight: bold; }
.passClass  { background-color: #6c6; }
.failClass  { background-color: #c60; }
.errorClass { background-color: #c00; }
.passCase   { color: #6c6; }
.failCase   { color: #c60; font-weight: bold; }
.errorCase  { color: #c00; font-weight: bold; }
.hiddenRow  { display: none; }
.testcase   { margin-left: 2em; }


/* -- ending ---------------------------------------------------------------------- */
#ending {
}

</style>

</head>
<body>
<script language="javascript" type="text/javascript"><!--
output_list = Array();

/* level - 0:Summary; 1:Failed; 2:All */
function showCase(level) {
    trs = document.getElementsByTagName("tr");
    for (var i = 0; i < trs.length; i++) {
        tr = trs[i];
        id = tr.id;
        if (id.substr(0,2) == 'ft') {
            if (level < 1) {
                tr.className = 'hiddenRow';
            }
            else {
                tr.className = '';
            }
        }
        if (id.substr(0,2) == 'pt') {
            if (level > 1) {
                tr.className = '';
            }
            else {
                tr.className = 'hiddenRow';
            }
        }
    }
}


function showClassDetail(cid, count) {
    var id_list = Array(count);
    var toHide = 1;
    for (var i = 0; i < count; i++) {
        tid0 = 't' + cid.substr(1) + '.' + (i+1);
        tid = 'f' + tid0;
        tr = document.getElementById(tid);
        if (!tr) {
            tid = 'p' + tid0;
            tr = document.getElementById(tid);
        }
        id_list[i] = tid;
        if (tr.className) {
            toHide = 0;
        }
    }
    for (var i = 0; i < count; i++) {
        tid = id_list[i];
        if (toHide) {
            document.getElementById('div_'+tid).style.display = 'none'
            document.getElementById(tid).className = 'hiddenRow';
        }
        else {
            document.getElementById(tid).className = '';
        }
    }
}


function showTestDetail(div_id){
    var details_div = document.getElementById(div_id)
    var displayState = details_div.style.display
    // alert(displayState)
    if (displayState != 'block' ) {
        displayState = 'block'
        details_div.style.display = 'block'
    }
    else {
        details_div.style.display = 'none'
    }
}


function html_escape(s) {
    s = s.replace(/&/g,'&amp;');
    s = s.replace(/</g,'&lt;');
    s = s.replace(/>/g,'&gt;');
    return s;
}

/* obsoleted by detail in <div>
function showOutput(id, name) {
    var w = window.open("", //url
                    name,
                    "resizable,scrollbars,status,width=800,height=450");
    d = w.document;
    d.write("<pre>");
    d.write(html_escape(output_list[id]));
    d.write("\n");
    d.write("<a href='javascript:window.close()'>close</a>\n");
    d.write("</pre>\n");
    d.close();
}
*/
--></script>

<div class='heading'>
<h1>测试报告</h1>
<p class='attribute'><strong>Start Time:</strong> 2018-08-23 11:06:15</p>
<p class='attribute'><strong>Duration:</strong> 0:01:46.772107</p>
<p class='attribute'><strong>Status:</strong> Error 6</p>

<p class='description'>Test the import testcase</p>
</div>



<p id='show_detail_line'>Show
<a href='javascript:showCase(0)'>Summary</a>
<a href='javascript:showCase(1)'>Failed</a>
<a href='javascript:showCase(2)'>All</a>
</p>
<table id='result_table'>
<colgroup>
<col align='left' />
<col align='right' />
<col align='right' />
<col align='right' />
<col align='right' />
<col align='right' />
</colgroup>
<tr id='header_row'>
    <td>Test Group/Test case</td>
    <td>Count</td>
    <td>Pass</td>
    <td>Fail</td>
    <td>Error</td>
    <td>View</td>
</tr>

<tr class='errorClass'>
    <td>testcase.test_1_login_staticlogin.Login: 登录测试</td>
    <td>1</td>
    <td>0</td>
    <td>0</td>
    <td>1</td>
    <td><a href="javascript:showClassDetail('c1',1)">Detail</a></td>
</tr>

<tr id='ft1.1' class='none'>
    <td class='errorCase'><div class='testcase'>test_static_login: 静态登录</div></td>
    <td colspan='5' align='center'>

    <!--css div popup start-->
    <a class="popup_link" onfocus='this.blur();' href="javascript:showTestDetail('div_ft1.1')" >
        error</a>

    <div id='div_ft1.1' class="popup_window">
        <div style='text-align: right; color:red;cursor:pointer'>
        <a onfocus='this.blur();' onclick="document.getElementById('div_ft1.1').style.display = 'none' " >
           [x]</a>
        </div>
        <pre>
        
ft1.1: 2018-08-23 11:06:15,965 - root - INFO - ############################### START ###############################
2018-08-23 11:06:21,086 - root - INFO - SUCCESS    Start a new browser: Chrome, Spend 5.120292901992798 seconds
2018-08-23 11:06:22,718 - root - INFO - SUCCESS    Navigated to http://192.168.18.171, Spend 1.6310932636260986 seconds
2018-08-23 11:06:22,726 - root - INFO - SUCCESS    Set wait all element display in 10 seconds, Spend 0.0060002803802490234 seconds
2018-08-23 11:06:25,865 - root - INFO - SUCCESS    Set browser window maximized, Spend 1.1380650997161865 seconds
[{'username': 1001.0, 'password': 1001.0, 'exten': ''}, {'username': 'admin', 'password': 'admin', 'exten': ''}]
2018-08-23 11:06:25,883 - root - INFO - SUCCESS    Set wait all element display in 5 seconds, Spend 0.0009999275207519531 seconds
2018-08-23 11:06:26,059 - root - INFO - SUCCESS    Clear and type element: &lt;name-&gt;LoginForm[username]&gt; content: admin, Spend 0.1740097999572754 seconds
2018-08-23 11:06:26,181 - root - INFO - SUCCESS    Clear and type element: &lt;name-&gt;LoginForm[password]&gt; content: admin, Spend 0.12100672721862793 seconds
2018-08-23 11:06:26,183 - root - INFO - SUCCESS    Set wait all element display in 3 seconds, Spend 0.0 seconds
2018-08-23 11:06:26,309 - root - INFO - SUCCESS    Clicked element: &lt;id-&gt;login_btn&gt;, Spend 0.12700724601745605 seconds
2018-08-23 11:06:26,312 - root - INFO - SUCCESS    Set wait all element display in 20 seconds, Spend 0.002000093460083008 seconds
2018-08-23 11:06:42,335 - root - INFO - FAIL    Unable to get the current window screenshot,path: E:\python excercise\JUST\JustCC\report\image\login\login.png, Spend 6.010343551635742 seconds
2018-08-23 11:06:45,370 - root - INFO - SUCCESS    Closed all window and quit the driver, Spend 3.0351736545562744 seconds
2018-08-23 11:06:45,370 - root - INFO - ###############################  End  ###############################
Traceback (most recent call last):
  File "E:\python excercise\JUST\JustCC\testcase\test_1_login_staticlogin.py", line 17, in test_static_login
    self.login_page.static_login(str(datas[1]['username']).split('.')[0],str(datas[1]['password']).split('.')[0])
  File "E:\python excercise\JUST\JustCC\public\pages\loginPage.py", line 20, in static_login
    self.dr.take_screenshot(os.path.join(globalparam.img_path,"login","login.png"))
  File "E:\python excercise\JUST\JustCC\public\common\pyselenium.py", line 563, in take_screenshot
    self.driver.get_screenshot_as_file(file_path)
  File "C:\Python36\lib\site-packages\selenium\webdriver\remote\webdriver.py", line 1008, in get_screenshot_as_file
    png = self.get_screenshot_as_png()
  File "C:\Python36\lib\site-packages\selenium\webdriver\remote\webdriver.py", line 1040, in get_screenshot_as_png
    return base64.b64decode(self.get_screenshot_as_base64().encode('ascii'))
  File "C:\Python36\lib\site-packages\selenium\webdriver\remote\webdriver.py", line 1050, in get_screenshot_as_base64
    return self.execute(Command.SCREENSHOT)['value']
  File "C:\Python36\lib\site-packages\selenium\webdriver\remote\webdriver.py", line 312, in execute
    self.error_handler.check_response(response)
  File "C:\Python36\lib\site-packages\selenium\webdriver\remote\errorhandler.py", line 242, in check_response
    raise exception_class(message, screen, stacktrace)
selenium.common.exceptions.WebDriverException: Message: chrome not reachable
  (Session info: chrome=67.0.3396.99)
  (Driver info: chromedriver=2.39.562718 (9a2698cba08cf5a471a29d30c8b3e12becabb0e9),platform=Windows NT 6.1.7601 SP1 x86_64)



        </pre>
    </div>
    <!--css div popup end-->

    </td>
</tr>

<tr class='errorClass'>
    <td>testcase.test_2_organize_depart.TestDepart: 部门测试</td>
    <td>2</td>
    <td>0</td>
    <td>0</td>
    <td>2</td>
    <td><a href="javascript:showClassDetail('c2',2)">Detail</a></td>
</tr>

<tr id='ft2.1' class='none'>
    <td class='errorCase'><div class='testcase'>test_depart_add: 添加部门</div></td>
    <td colspan='5' align='center'>

    <!--css div popup start-->
    <a class="popup_link" onfocus='this.blur();' href="javascript:showTestDetail('div_ft2.1')" >
        error</a>

    <div id='div_ft2.1' class="popup_window">
        <div style='text-align: right; color:red;cursor:pointer'>
        <a onfocus='this.blur();' onclick="document.getElementById('div_ft2.1').style.display = 'none' " >
           [x]</a>
        </div>
        <pre>
        
ft2.1: 2018-08-23 11:06:45,373 - root - INFO - ############################### START ###############################
2018-08-23 11:06:50,618 - root - INFO - SUCCESS    Start a new browser: Chrome, Spend 5.24429988861084 seconds
2018-08-23 11:06:51,741 - root - INFO - SUCCESS    Navigated to http://192.168.18.171, Spend 1.1220641136169434 seconds
2018-08-23 11:06:51,753 - root - INFO - SUCCESS    Set wait all element display in 10 seconds, Spend 0.01000070571899414 seconds
2018-08-23 11:06:55,000 - root - INFO - SUCCESS    Set browser window maximized, Spend 1.2470712661743164 seconds
2018-08-23 11:06:55,607 - root - INFO - SUCCESS    Set wait all element display in 10 seconds, Spend 0.0010001659393310547 seconds
2018-08-23 11:06:55,613 - root - INFO - SUCCESS    Set wait all element display in 3 seconds, Spend 0.00500035285949707 seconds
2018-08-23 11:06:58,030 - root - INFO - FAIL    Unable to click element: &lt;css-&gt;#sidebar &gt; ul &gt; li &gt; div &gt; a:nth-child(11) &gt; span&gt;, Spend 2.4221386909484863 seconds
2018-08-23 11:07:01,036 - root - INFO - SUCCESS    Closed all window and quit the driver, Spend 3.005171775817871 seconds
2018-08-23 11:07:01,038 - root - INFO - ###############################  End  ###############################
Traceback (most recent call last):
  File "E:\python excercise\JUST\JustCC\testcase\test_2_organize_depart.py", line 15, in test_depart_add
    l=depart_page.add_depart()
  File "E:\python excercise\JUST\JustCC\public\pages\departmentPage.py", line 12, in add_depart
    self.dr.click("css-&gt;#sidebar &gt; ul &gt; li &gt; div &gt; a:nth-child(11) &gt; span")
  File "E:\python excercise\JUST\JustCC\public\common\pyselenium.py", line 217, in click
    self.element_wait(css)
  File "E:\python excercise\JUST\JustCC\public\common\pyselenium.py", line 95, in element_wait
    WebDriverWait(self.driver, secs, 1).until(EC.presence_of_element_located((By.CSS_SELECTOR, value)),messages)
  File "C:\Python36\lib\site-packages\selenium\webdriver\support\wait.py", line 71, in until
    value = method(self._driver)
  File "C:\Python36\lib\site-packages\selenium\webdriver\support\expected_conditions.py", line 63, in __call__
    return _find_element(driver, self.locator)
  File "C:\Python36\lib\site-packages\selenium\webdriver\support\expected_conditions.py", line 401, in _find_element
    raise e
  File "C:\Python36\lib\site-packages\selenium\webdriver\support\expected_conditions.py", line 397, in _find_element
    return driver.find_element(*by)
  File "C:\Python36\lib\site-packages\selenium\webdriver\remote\webdriver.py", line 955, in find_element
    'value': value})['value']
  File "C:\Python36\lib\site-packages\selenium\webdriver\remote\webdriver.py", line 312, in execute
    self.error_handler.check_response(response)
  File "C:\Python36\lib\site-packages\selenium\webdriver\remote\errorhandler.py", line 242, in check_response
    raise exception_class(message, screen, stacktrace)
selenium.common.exceptions.NoSuchWindowException: Message: no such window: target window already closed
from unknown error: web view not found
  (Session info: chrome=67.0.3396.99)
  (Driver info: chromedriver=2.39.562718 (9a2698cba08cf5a471a29d30c8b3e12becabb0e9),platform=Windows NT 6.1.7601 SP1 x86_64)



        </pre>
    </div>
    <!--css div popup end-->

    </td>
</tr>

<tr id='ft2.2' class='none'>
    <td class='errorCase'><div class='testcase'>test_depart_del: 删除部门</div></td>
    <td colspan='5' align='center'>

    <!--css div popup start-->
    <a class="popup_link" onfocus='this.blur();' href="javascript:showTestDetail('div_ft2.2')" >
        error</a>

    <div id='div_ft2.2' class="popup_window">
        <div style='text-align: right; color:red;cursor:pointer'>
        <a onfocus='this.blur();' onclick="document.getElementById('div_ft2.2').style.display = 'none' " >
           [x]</a>
        </div>
        <pre>
        
ft2.2: 2018-08-23 11:07:01,039 - root - INFO - ############################### START ###############################
2018-08-23 11:07:06,180 - root - INFO - SUCCESS    Start a new browser: Chrome, Spend 5.139293909072876 seconds
2018-08-23 11:07:07,297 - root - INFO - SUCCESS    Navigated to http://192.168.18.171, Spend 1.1170639991760254 seconds
2018-08-23 11:07:07,302 - root - INFO - SUCCESS    Set wait all element display in 10 seconds, Spend 0.00500035285949707 seconds
2018-08-23 11:07:10,475 - root - INFO - SUCCESS    Set browser window maximized, Spend 1.171067237854004 seconds
2018-08-23 11:07:10,928 - root - INFO - SUCCESS    Set wait all element display in 10 seconds, Spend 0.009000301361083984 seconds
2018-08-23 11:07:10,933 - root - INFO - SUCCESS    Set wait all element display in 3 seconds, Spend 0.004000425338745117 seconds
2018-08-23 11:07:18,994 - root - INFO - FAIL    Unable to click element: &lt;css-&gt;#sidebar &gt; ul &gt; li &gt; div &gt; a:nth-child(11) &gt; span&gt;, Spend 8.06546139717102 seconds
2018-08-23 11:07:22,035 - root - INFO - SUCCESS    Closed all window and quit the driver, Spend 3.0401737689971924 seconds
2018-08-23 11:07:22,036 - root - INFO - ###############################  End  ###############################
Traceback (most recent call last):
  File "E:\python excercise\JUST\JustCC\testcase\test_2_organize_depart.py", line 22, in test_depart_del
    l=depart_page.del_depart()
  File "E:\python excercise\JUST\JustCC\public\pages\departmentPage.py", line 36, in del_depart
    self.dr.click("css-&gt;#sidebar &gt; ul &gt; li &gt; div &gt; a:nth-child(11) &gt; span")
  File "E:\python excercise\JUST\JustCC\public\common\pyselenium.py", line 217, in click
    self.element_wait(css)
  File "E:\python excercise\JUST\JustCC\public\common\pyselenium.py", line 95, in element_wait
    WebDriverWait(self.driver, secs, 1).until(EC.presence_of_element_located((By.CSS_SELECTOR, value)),messages)
  File "C:\Python36\lib\site-packages\selenium\webdriver\support\wait.py", line 80, in until
    raise TimeoutException(message, screen, stacktrace)
selenium.common.exceptions.TimeoutException: Message: Element: css-&gt;#sidebar &gt; ul &gt; li &gt; div &gt; a:nth-child(11) &gt; span not found in 5 seconds.



        </pre>
    </div>
    <!--css div popup end-->

    </td>
</tr>

<tr class='errorClass'>
    <td>testcase.test_3_organize_user.TestUser: 用户测试</td>
    <td>2</td>
    <td>0</td>
    <td>0</td>
    <td>2</td>
    <td><a href="javascript:showClassDetail('c3',2)">Detail</a></td>
</tr>

<tr id='ft3.1' class='none'>
    <td class='errorCase'><div class='testcase'>test_user_add: 添加用户</div></td>
    <td colspan='5' align='center'>

    <!--css div popup start-->
    <a class="popup_link" onfocus='this.blur();' href="javascript:showTestDetail('div_ft3.1')" >
        error</a>

    <div id='div_ft3.1' class="popup_window">
        <div style='text-align: right; color:red;cursor:pointer'>
        <a onfocus='this.blur();' onclick="document.getElementById('div_ft3.1').style.display = 'none' " >
           [x]</a>
        </div>
        <pre>
        
ft3.1: 2018-08-23 11:07:22,036 - root - INFO - ############################### START ###############################
Traceback (most recent call last):
  File "E:\python excercise\JUST\JustCC\public\common\mytest.py", line 18, in setUp
    self.dr = pyselenium.PySelenium(globalparam.browser)
  File "E:\python excercise\JUST\JustCC\public\common\pyselenium.py", line 38, in __init__
    dr = webdriver.Chrome()
  File "C:\Python36\lib\site-packages\selenium\webdriver\chrome\webdriver.py", line 75, in __init__
    desired_capabilities=desired_capabilities)
  File "C:\Python36\lib\site-packages\selenium\webdriver\remote\webdriver.py", line 154, in __init__
    self.start_session(desired_capabilities, browser_profile)
  File "C:\Python36\lib\site-packages\selenium\webdriver\remote\webdriver.py", line 243, in start_session
    response = self.execute(Command.NEW_SESSION, parameters)
  File "C:\Python36\lib\site-packages\selenium\webdriver\remote\webdriver.py", line 312, in execute
    self.error_handler.check_response(response)
  File "C:\Python36\lib\site-packages\selenium\webdriver\remote\errorhandler.py", line 242, in check_response
    raise exception_class(message, screen, stacktrace)
selenium.common.exceptions.SessionNotCreatedException: Message: session not created exception
from chrome not reachable
  (Session info: chrome=67.0.3396.99)
  (Driver info: chromedriver=2.39.562718 (9a2698cba08cf5a471a29d30c8b3e12becabb0e9),platform=Windows NT 6.1.7601 SP1 x86_64)



        </pre>
    </div>
    <!--css div popup end-->

    </td>
</tr>

<tr id='ft3.2' class='none'>
    <td class='errorCase'><div class='testcase'>test_user_del: 删除用户</div></td>
    <td colspan='5' align='center'>

    <!--css div popup start-->
    <a class="popup_link" onfocus='this.blur();' href="javascript:showTestDetail('div_ft3.2')" >
        error</a>

    <div id='div_ft3.2' class="popup_window">
        <div style='text-align: right; color:red;cursor:pointer'>
        <a onfocus='this.blur();' onclick="document.getElementById('div_ft3.2').style.display = 'none' " >
           [x]</a>
        </div>
        <pre>
        
ft3.2: 2018-08-23 11:07:36,265 - root - INFO - ############################### START ###############################
2018-08-23 11:07:41,464 - root - INFO - SUCCESS    Start a new browser: Chrome, Spend 5.1982972621917725 seconds
2018-08-23 11:07:42,585 - root - INFO - SUCCESS    Navigated to http://192.168.18.171, Spend 1.1210641860961914 seconds
2018-08-23 11:07:42,587 - root - INFO - SUCCESS    Set wait all element display in 10 seconds, Spend 0.0009999275207519531 seconds
2018-08-23 11:07:45,719 - root - INFO - SUCCESS    Set browser window maximized, Spend 1.1310644149780273 seconds
2018-08-23 11:07:46,161 - root - INFO - SUCCESS    Set wait all element display in 10 seconds, Spend 0.002000093460083008 seconds
2018-08-23 11:07:46,164 - root - INFO - SUCCESS    Set wait all element display in 3 seconds, Spend 0.0009999275207519531 seconds
2018-08-23 11:07:54,253 - root - INFO - FAIL    Unable to click element: &lt;css-&gt;#sidebar &gt; ul &gt; li &gt; div &gt; a:nth-child(11) &gt; span&gt;, Spend 8.090462446212769 seconds
2018-08-23 11:07:57,330 - root - INFO - SUCCESS    Closed all window and quit the driver, Spend 3.077176332473755 seconds
2018-08-23 11:07:57,331 - root - INFO - ###############################  End  ###############################
Traceback (most recent call last):
  File "E:\python excercise\JUST\JustCC\testcase\test_3_organize_user.py", line 27, in test_user_del
    l=user_page.del_user(3)
  File "E:\python excercise\JUST\JustCC\public\pages\userPage.py", line 50, in del_user
    self.dr.click("css-&gt;#sidebar &gt; ul &gt; li &gt; div &gt; a:nth-child(11) &gt; span")
  File "E:\python excercise\JUST\JustCC\public\common\pyselenium.py", line 217, in click
    self.element_wait(css)
  File "E:\python excercise\JUST\JustCC\public\common\pyselenium.py", line 95, in element_wait
    WebDriverWait(self.driver, secs, 1).until(EC.presence_of_element_located((By.CSS_SELECTOR, value)),messages)
  File "C:\Python36\lib\site-packages\selenium\webdriver\support\wait.py", line 80, in until
    raise TimeoutException(message, screen, stacktrace)
selenium.common.exceptions.TimeoutException: Message: Element: css-&gt;#sidebar &gt; ul &gt; li &gt; div &gt; a:nth-child(11) &gt; span not found in 5 seconds.



        </pre>
    </div>
    <!--css div popup end-->

    </td>
</tr>

<tr class='errorClass'>
    <td>testcase.test_4_call_toolbar.TestToolbar: 话务条测试</td>
    <td>1</td>
    <td>0</td>
    <td>0</td>
    <td>1</td>
    <td><a href="javascript:showClassDetail('c4',1)">Detail</a></td>
</tr>

<tr id='ft4.1' class='none'>
    <td class='errorCase'><div class='testcase'>test_quick_call: 快速拨号</div></td>
    <td colspan='5' align='center'>

    <!--css div popup start-->
    <a class="popup_link" onfocus='this.blur();' href="javascript:showTestDetail('div_ft4.1')" >
        error</a>

    <div id='div_ft4.1' class="popup_window">
        <div style='text-align: right; color:red;cursor:pointer'>
        <a onfocus='this.blur();' onclick="document.getElementById('div_ft4.1').style.display = 'none' " >
           [x]</a>
        </div>
        <pre>
        
ft4.1: 2018-08-23 11:07:57,333 - root - INFO - ############################### START ###############################
2018-08-23 11:08:02,535 - root - INFO - SUCCESS    Start a new browser: Chrome, Spend 5.2012975215911865 seconds
2018-08-23 11:08:02,736 - root - INFO - FAIL    Unable to load http://192.168.18.171, Spend 0.19901132583618164 seconds
Traceback (most recent call last):
  File "E:\python excercise\JUST\JustCC\public\common\mytest.py", line 19, in setUp
    self.dr.open(globalparam.server_addr)
  File "E:\python excercise\JUST\JustCC\public\common\pyselenium.py", line 137, in open
    self.driver.get(url)
  File "C:\Python36\lib\site-packages\selenium\webdriver\remote\webdriver.py", line 324, in get
    self.execute(Command.GET, {'url': url})
  File "C:\Python36\lib\site-packages\selenium\webdriver\remote\webdriver.py", line 312, in execute
    self.error_handler.check_response(response)
  File "C:\Python36\lib\site-packages\selenium\webdriver\remote\errorhandler.py", line 242, in check_response
    raise exception_class(message, screen, stacktrace)
selenium.common.exceptions.WebDriverException: Message: unknown error: cannot determine loading status
from unknown error: cannot determine loading status
from disconnected: Unable to receive message from renderer
  (Session info: chrome=67.0.3396.99)
  (Driver info: chromedriver=2.39.562718 (9a2698cba08cf5a471a29d30c8b3e12becabb0e9),platform=Windows NT 6.1.7601 SP1 x86_64)



        </pre>
    </div>
    <!--css div popup end-->

    </td>
</tr>

<tr id='total_row'>
    <td>Total</td>
    <td>6</td>
    <td>0</td>
    <td>0</td>
    <td>6</td>
    <td>&nbsp;</td>
</tr>
</table>

<div id='ending'>&nbsp;</div>

</body>
</html>
