<?xml version="1.0" encoding="UTF-8"?>
<!DOCTYPE html PUBLIC "-//W3C//DTD XHTML 1.0 Strict//EN" "http://www.w3.org/TR/xhtml1/DTD/xhtml1-strict.dtd">
<html xmlns="http://www.w3.org/1999/xhtml">
<head>
    <title>测试报告</title>
    <meta name="generator" content="HTMLTestRunner 0.8.2"/>
    <meta http-equiv="Content-Type" content="text/html; charset=UTF-8"/>
    
<style type="text/css" media="screen">
body        { font-family: verdana, arial, helvetica, sans-serif; font-size: 80%; }
table       { font-size: 100%; }
pre         { }

/* -- heading ---------------------------------------------------------------------- */
h1 {
	font-size: 16pt;
	color: gray;
}
.heading {
    margin-top: 0ex;
    margin-bottom: 1ex;
}

.heading .attribute {
    margin-top: 1ex;
    margin-bottom: 0;
}

.heading .description {
    margin-top: 4ex;
    margin-bottom: 6ex;
}

/* -- css div popup ------------------------------------------------------------------------ */
a.popup_link {
}

a.popup_link:hover {
    color: red;
}

.popup_window {
    display: none;
    position: relative;
    left: 0px;
    top: 0px;
    /*border: solid #627173 1px; */
    padding: 10px;
    background-color: #E6E6D6;
    font-family: "Lucida Console", "Courier New", Courier, monospace;
    text-align: left;
    font-size: 8pt;
    width: 500px;
}

}
/* -- report ------------------------------------------------------------------------ */
#show_detail_line {
    margin-top: 3ex;
    margin-bottom: 1ex;
}
#result_table {
    width: 80%;
    border-collapse: collapse;
    border: 1px solid #777;
}
#header_row {
    font-weight: bold;
    color: white;
    background-color: #777;
}
#result_table td {
    border: 1px solid #777;
    padding: 2px;
}
#total_row  { font-weight: bold; }
.passClass  { background-color: #6c6; }
.failClass  { background-color: #c60; }
.errorClass { background-color: #c00; }
.passCase   { color: #6c6; }
.failCase   { color: #c60; font-weight: bold; }
.errorCase  { color: #c00; font-weight: bold; }
.hiddenRow  { display: none; }
.testcase   { margin-left: 2em; }


/* -- ending ---------------------------------------------------------------------- */
#ending {
}

</style>

</head>
<body>
<script language="javascript" type="text/javascript"><!--
output_list = Array();

/* level - 0:Summary; 1:Failed; 2:All */
function showCase(level) {
    trs = document.getElementsByTagName("tr");
    for (var i = 0; i < trs.length; i++) {
        tr = trs[i];
        id = tr.id;
        if (id.substr(0,2) == 'ft') {
            if (level < 1) {
                tr.className = 'hiddenRow';
            }
            else {
                tr.className = '';
            }
        }
        if (id.substr(0,2) == 'pt') {
            if (level > 1) {
                tr.className = '';
            }
            else {
                tr.className = 'hiddenRow';
            }
        }
    }
}


function showClassDetail(cid, count) {
    var id_list = Array(count);
    var toHide = 1;
    for (var i = 0; i < count; i++) {
        tid0 = 't' + cid.substr(1) + '.' + (i+1);
        tid = 'f' + tid0;
        tr = document.getElementById(tid);
        if (!tr) {
            tid = 'p' + tid0;
            tr = document.getElementById(tid);
        }
        id_list[i] = tid;
        if (tr.className) {
            toHide = 0;
        }
    }
    for (var i = 0; i < count; i++) {
        tid = id_list[i];
        if (toHide) {
            document.getElementById('div_'+tid).style.display = 'none'
            document.getElementById(tid).className = 'hiddenRow';
        }
        else {
            document.getElementById(tid).className = '';
        }
    }
}


function showTestDetail(div_id){
    var details_div = document.getElementById(div_id)
    var displayState = details_div.style.display
    // alert(displayState)
    if (displayState != 'block' ) {
        displayState = 'block'
        details_div.style.display = 'block'
    }
    else {
        details_div.style.display = 'none'
    }
}


function html_escape(s) {
    s = s.replace(/&/g,'&amp;');
    s = s.replace(/</g,'&lt;');
    s = s.replace(/>/g,'&gt;');
    return s;
}

/* obsoleted by detail in <div>
function showOutput(id, name) {
    var w = window.open("", //url
                    name,
                    "resizable,scrollbars,status,width=800,height=450");
    d = w.document;
    d.write("<pre>");
    d.write(html_escape(output_list[id]));
    d.write("\n");
    d.write("<a href='javascript:window.close()'>close</a>\n");
    d.write("</pre>\n");
    d.close();
}
*/
--></script>

<div class='heading'>
<h1>测试报告</h1>
<p class='attribute'><strong>Start Time:</strong> 2018-09-06 09:22:44</p>
<p class='attribute'><strong>Duration:</strong> 0:01:48.894229</p>
<p class='attribute'><strong>Status:</strong> Error 6</p>

<p class='description'>Test the import testcase</p>
</div>



<p id='show_detail_line'>Show
<a href='javascript:showCase(0)'>Summary</a>
<a href='javascript:showCase(1)'>Failed</a>
<a href='javascript:showCase(2)'>All</a>
</p>
<table id='result_table'>
<colgroup>
<col align='left' />
<col align='right' />
<col align='right' />
<col align='right' />
<col align='right' />
<col align='right' />
</colgroup>
<tr id='header_row'>
    <td>Test Group/Test case</td>
    <td>Count</td>
    <td>Pass</td>
    <td>Fail</td>
    <td>Error</td>
    <td>View</td>
</tr>

<tr class='errorClass'>
    <td>testcase.test_1_login_staticlogin.Login: 登录测试</td>
    <td>1</td>
    <td>0</td>
    <td>0</td>
    <td>1</td>
    <td><a href="javascript:showClassDetail('c1',1)">Detail</a></td>
</tr>

<tr id='ft1.1' class='none'>
    <td class='errorCase'><div class='testcase'>test_static_login: 静态登录</div></td>
    <td colspan='5' align='center'>

    <!--css div popup start-->
    <a class="popup_link" onfocus='this.blur();' href="javascript:showTestDetail('div_ft1.1')" >
        error</a>

    <div id='div_ft1.1' class="popup_window">
        <div style='text-align: right; color:red;cursor:pointer'>
        <a onfocus='this.blur();' onclick="document.getElementById('div_ft1.1').style.display = 'none' " >
           [x]</a>
        </div>
        <pre>
        
ft1.1: 2018-09-06 09:22:44,164 - root - INFO - ############################### START ###############################
2018-09-06 09:22:48,889 - root - INFO - SUCCESS    Start a new browser: Chrome, Spend 4.7252702713012695 seconds
2018-09-06 09:22:49,831 - root - INFO - SUCCESS    Navigated to http://192.168.18.172, Spend 0.9400534629821777 seconds
2018-09-06 09:22:49,833 - root - INFO - SUCCESS    Set wait all element display in 10 seconds, Spend 0.0009999275207519531 seconds
Traceback (most recent call last):
  File "E:\python excercise\JUST\JustCC\public\common\mytest.py", line 22, in setUp
    self.dr.max_window()
  File "E:\python excercise\JUST\JustCC\public\common\pyselenium.py", line 151, in max_window
    self.driver.maximize_window()
  File "C:\Python36\lib\site-packages\selenium\webdriver\remote\webdriver.py", line 726, in maximize_window
    self.execute(command, {"windowHandle": "current"})
  File "C:\Python36\lib\site-packages\selenium\webdriver\remote\webdriver.py", line 312, in execute
    self.error_handler.check_response(response)
  File "C:\Python36\lib\site-packages\selenium\webdriver\remote\errorhandler.py", line 242, in check_response
    raise exception_class(message, screen, stacktrace)
selenium.common.exceptions.WebDriverException: Message: unknown error: failed to change window state to maximized, current state is minimized
  (Session info: chrome=67.0.3396.99)
  (Driver info: chromedriver=2.39.562718 (9a2698cba08cf5a471a29d30c8b3e12becabb0e9),platform=Windows NT 6.1.7601 SP1 x86_64)



        </pre>
    </div>
    <!--css div popup end-->

    </td>
</tr>

<tr class='errorClass'>
    <td>testcase.test_2_organize_depart.TestDepart: 部门测试</td>
    <td>2</td>
    <td>0</td>
    <td>0</td>
    <td>2</td>
    <td><a href="javascript:showClassDetail('c2',2)">Detail</a></td>
</tr>

<tr id='ft2.1' class='none'>
    <td class='errorCase'><div class='testcase'>test_depart_add: 添加部门</div></td>
    <td colspan='5' align='center'>

    <!--css div popup start-->
    <a class="popup_link" onfocus='this.blur();' href="javascript:showTestDetail('div_ft2.1')" >
        error</a>

    <div id='div_ft2.1' class="popup_window">
        <div style='text-align: right; color:red;cursor:pointer'>
        <a onfocus='this.blur();' onclick="document.getElementById('div_ft2.1').style.display = 'none' " >
           [x]</a>
        </div>
        <pre>
        
ft2.1: 2018-09-06 09:22:53,140 - root - INFO - ############################### START ###############################
2018-09-06 09:22:58,017 - root - INFO - SUCCESS    Start a new browser: Chrome, Spend 4.876278638839722 seconds
2018-09-06 09:22:59,189 - root - INFO - SUCCESS    Navigated to http://192.168.18.172, Spend 1.1720671653747559 seconds
2018-09-06 09:22:59,192 - root - INFO - SUCCESS    Set wait all element display in 10 seconds, Spend 0.0009999275207519531 seconds
2018-09-06 09:23:02,306 - root - INFO - SUCCESS    Set browser window maximized, Spend 1.1110637187957764 seconds
2018-09-06 09:23:02,833 - root - INFO - SUCCESS    Set wait all element display in 10 seconds, Spend 0.0009999275207519531 seconds
2018-09-06 09:23:02,834 - root - INFO - SUCCESS    Set wait all element display in 3 seconds, Spend 0.0010001659393310547 seconds
2018-09-06 09:23:10,884 - root - INFO - FAIL    Unable to click element: &lt;css-&gt;#sidebar &gt; ul &gt; li &gt; div &gt; a:nth-child(11) &gt; span&gt;, Spend 8.05146050453186 seconds
2018-09-06 09:23:13,917 - root - INFO - SUCCESS    Closed all window and quit the driver, Spend 3.0321733951568604 seconds
2018-09-06 09:23:13,917 - root - INFO - ###############################  End  ###############################
Traceback (most recent call last):
  File "E:\python excercise\JUST\JustCC\testcase\test_2_organize_depart.py", line 15, in test_depart_add
    l=depart_page.add_depart()
  File "E:\python excercise\JUST\JustCC\public\pages\departmentPage.py", line 12, in add_depart
    self.dr.click("css-&gt;#sidebar &gt; ul &gt; li &gt; div &gt; a:nth-child(11) &gt; span")
  File "E:\python excercise\JUST\JustCC\public\common\pyselenium.py", line 217, in click
    self.element_wait(css)
  File "E:\python excercise\JUST\JustCC\public\common\pyselenium.py", line 95, in element_wait
    WebDriverWait(self.driver, secs, 1).until(EC.presence_of_element_located((By.CSS_SELECTOR, value)),messages)
  File "C:\Python36\lib\site-packages\selenium\webdriver\support\wait.py", line 80, in until
    raise TimeoutException(message, screen, stacktrace)
selenium.common.exceptions.TimeoutException: Message: Element: css-&gt;#sidebar &gt; ul &gt; li &gt; div &gt; a:nth-child(11) &gt; span not found in 5 seconds.



        </pre>
    </div>
    <!--css div popup end-->

    </td>
</tr>

<tr id='ft2.2' class='none'>
    <td class='errorCase'><div class='testcase'>test_depart_del: 删除部门</div></td>
    <td colspan='5' align='center'>

    <!--css div popup start-->
    <a class="popup_link" onfocus='this.blur();' href="javascript:showTestDetail('div_ft2.2')" >
        error</a>

    <div id='div_ft2.2' class="popup_window">
        <div style='text-align: right; color:red;cursor:pointer'>
        <a onfocus='this.blur();' onclick="document.getElementById('div_ft2.2').style.display = 'none' " >
           [x]</a>
        </div>
        <pre>
        
ft2.2: 2018-09-06 09:23:13,986 - root - INFO - ############################### START ###############################
2018-09-06 09:23:18,802 - root - INFO - SUCCESS    Start a new browser: Chrome, Spend 4.816275358200073 seconds
2018-09-06 09:23:19,455 - root - INFO - SUCCESS    Navigated to http://192.168.18.172, Spend 0.6510372161865234 seconds
2018-09-06 09:23:19,457 - root - INFO - SUCCESS    Set wait all element display in 10 seconds, Spend 0.002000093460083008 seconds
2018-09-06 09:23:22,579 - root - INFO - SUCCESS    Set browser window maximized, Spend 1.1200642585754395 seconds
2018-09-06 09:23:22,894 - root - INFO - SUCCESS    Set wait all element display in 10 seconds, Spend 0.0 seconds
2018-09-06 09:23:22,895 - root - INFO - SUCCESS    Set wait all element display in 3 seconds, Spend 0.0010001659393310547 seconds
2018-09-06 09:23:30,981 - root - INFO - FAIL    Unable to click element: &lt;css-&gt;#sidebar &gt; ul &gt; li &gt; div &gt; a:nth-child(11) &gt; span&gt;, Spend 8.086462259292603 seconds
2018-09-06 09:23:34,011 - root - INFO - SUCCESS    Closed all window and quit the driver, Spend 3.0301735401153564 seconds
2018-09-06 09:23:34,011 - root - INFO - ###############################  End  ###############################
Traceback (most recent call last):
  File "E:\python excercise\JUST\JustCC\testcase\test_2_organize_depart.py", line 22, in test_depart_del
    l=depart_page.del_depart()
  File "E:\python excercise\JUST\JustCC\public\pages\departmentPage.py", line 36, in del_depart
    self.dr.click("css-&gt;#sidebar &gt; ul &gt; li &gt; div &gt; a:nth-child(11) &gt; span")
  File "E:\python excercise\JUST\JustCC\public\common\pyselenium.py", line 217, in click
    self.element_wait(css)
  File "E:\python excercise\JUST\JustCC\public\common\pyselenium.py", line 95, in element_wait
    WebDriverWait(self.driver, secs, 1).until(EC.presence_of_element_located((By.CSS_SELECTOR, value)),messages)
  File "C:\Python36\lib\site-packages\selenium\webdriver\support\wait.py", line 80, in until
    raise TimeoutException(message, screen, stacktrace)
selenium.common.exceptions.TimeoutException: Message: Element: css-&gt;#sidebar &gt; ul &gt; li &gt; div &gt; a:nth-child(11) &gt; span not found in 5 seconds.



        </pre>
    </div>
    <!--css div popup end-->

    </td>
</tr>

<tr class='errorClass'>
    <td>testcase.test_3_organize_user.TestUser: 用户测试</td>
    <td>2</td>
    <td>0</td>
    <td>0</td>
    <td>2</td>
    <td><a href="javascript:showClassDetail('c3',2)">Detail</a></td>
</tr>

<tr id='ft3.1' class='none'>
    <td class='errorCase'><div class='testcase'>test_user_add: 添加用户</div></td>
    <td colspan='5' align='center'>

    <!--css div popup start-->
    <a class="popup_link" onfocus='this.blur();' href="javascript:showTestDetail('div_ft3.1')" >
        error</a>

    <div id='div_ft3.1' class="popup_window">
        <div style='text-align: right; color:red;cursor:pointer'>
        <a onfocus='this.blur();' onclick="document.getElementById('div_ft3.1').style.display = 'none' " >
           [x]</a>
        </div>
        <pre>
        
ft3.1: 2018-09-06 09:23:34,012 - root - INFO - ############################### START ###############################
2018-09-06 09:23:38,809 - root - INFO - SUCCESS    Start a new browser: Chrome, Spend 4.797274351119995 seconds
2018-09-06 09:23:39,548 - root - INFO - SUCCESS    Navigated to http://192.168.18.172, Spend 0.7390420436859131 seconds
2018-09-06 09:23:39,550 - root - INFO - SUCCESS    Set wait all element display in 10 seconds, Spend 0.0010001659393310547 seconds
2018-09-06 09:23:42,669 - root - INFO - SUCCESS    Set browser window maximized, Spend 1.1180641651153564 seconds
2018-09-06 09:23:42,982 - root - INFO - SUCCESS    Set wait all element display in 10 seconds, Spend 0.0009999275207519531 seconds
2018-09-06 09:23:42,997 - root - INFO - SUCCESS    Set wait all element display in 3 seconds, Spend 0.002000093460083008 seconds
2018-09-06 09:23:51,048 - root - INFO - FAIL    Unable to click element: &lt;css-&gt;#sidebar &gt; ul &gt; li &gt; div &gt; a:nth-child(11) &gt; span&gt;, Spend 8.05246090888977 seconds
2018-09-06 09:23:54,065 - root - INFO - SUCCESS    Closed all window and quit the driver, Spend 3.017172336578369 seconds
2018-09-06 09:23:54,065 - root - INFO - ###############################  End  ###############################
Traceback (most recent call last):
  File "E:\python excercise\JUST\JustCC\testcase\test_3_organize_user.py", line 18, in test_user_add
    l=user_page.add_user(str(data['work_no']).split('.')[0],data['work_name'],data['username'])
  File "E:\python excercise\JUST\JustCC\public\pages\userPage.py", line 12, in add_user
    self.dr.click("css-&gt;#sidebar &gt; ul &gt; li &gt; div &gt; a:nth-child(11) &gt; span")
  File "E:\python excercise\JUST\JustCC\public\common\pyselenium.py", line 217, in click
    self.element_wait(css)
  File "E:\python excercise\JUST\JustCC\public\common\pyselenium.py", line 95, in element_wait
    WebDriverWait(self.driver, secs, 1).until(EC.presence_of_element_located((By.CSS_SELECTOR, value)),messages)
  File "C:\Python36\lib\site-packages\selenium\webdriver\support\wait.py", line 80, in until
    raise TimeoutException(message, screen, stacktrace)
selenium.common.exceptions.TimeoutException: Message: Element: css-&gt;#sidebar &gt; ul &gt; li &gt; div &gt; a:nth-child(11) &gt; span not found in 5 seconds.



        </pre>
    </div>
    <!--css div popup end-->

    </td>
</tr>

<tr id='ft3.2' class='none'>
    <td class='errorCase'><div class='testcase'>test_user_del: 删除用户</div></td>
    <td colspan='5' align='center'>

    <!--css div popup start-->
    <a class="popup_link" onfocus='this.blur();' href="javascript:showTestDetail('div_ft3.2')" >
        error</a>

    <div id='div_ft3.2' class="popup_window">
        <div style='text-align: right; color:red;cursor:pointer'>
        <a onfocus='this.blur();' onclick="document.getElementById('div_ft3.2').style.display = 'none' " >
           [x]</a>
        </div>
        <pre>
        
ft3.2: 2018-09-06 09:23:54,066 - root - INFO - ############################### START ###############################
2018-09-06 09:23:59,315 - root - INFO - SUCCESS    Start a new browser: Chrome, Spend 5.249300241470337 seconds
2018-09-06 09:23:59,916 - root - INFO - SUCCESS    Navigated to http://192.168.18.172, Spend 0.6010346412658691 seconds
2018-09-06 09:23:59,925 - root - INFO - SUCCESS    Set wait all element display in 10 seconds, Spend 0.009000301361083984 seconds
2018-09-06 09:24:03,216 - root - INFO - SUCCESS    Set browser window maximized, Spend 1.2890737056732178 seconds
2018-09-06 09:24:03,578 - root - INFO - SUCCESS    Set wait all element display in 10 seconds, Spend 0.0010001659393310547 seconds
2018-09-06 09:24:03,579 - root - INFO - SUCCESS    Set wait all element display in 3 seconds, Spend 0.0009999275207519531 seconds
2018-09-06 09:24:11,647 - root - INFO - FAIL    Unable to click element: &lt;css-&gt;#sidebar &gt; ul &gt; li &gt; div &gt; a:nth-child(11) &gt; span&gt;, Spend 8.068461179733276 seconds
2018-09-06 09:24:14,962 - root - INFO - SUCCESS    Closed all window and quit the driver, Spend 3.315189838409424 seconds
2018-09-06 09:24:14,962 - root - INFO - ###############################  End  ###############################
Traceback (most recent call last):
  File "E:\python excercise\JUST\JustCC\testcase\test_3_organize_user.py", line 27, in test_user_del
    l=user_page.del_user(3)
  File "E:\python excercise\JUST\JustCC\public\pages\userPage.py", line 50, in del_user
    self.dr.click("css-&gt;#sidebar &gt; ul &gt; li &gt; div &gt; a:nth-child(11) &gt; span")
  File "E:\python excercise\JUST\JustCC\public\common\pyselenium.py", line 217, in click
    self.element_wait(css)
  File "E:\python excercise\JUST\JustCC\public\common\pyselenium.py", line 95, in element_wait
    WebDriverWait(self.driver, secs, 1).until(EC.presence_of_element_located((By.CSS_SELECTOR, value)),messages)
  File "C:\Python36\lib\site-packages\selenium\webdriver\support\wait.py", line 80, in until
    raise TimeoutException(message, screen, stacktrace)
selenium.common.exceptions.TimeoutException: Message: Element: css-&gt;#sidebar &gt; ul &gt; li &gt; div &gt; a:nth-child(11) &gt; span not found in 5 seconds.



        </pre>
    </div>
    <!--css div popup end-->

    </td>
</tr>

<tr class='errorClass'>
    <td>testcase.test_4_call_toolbar.TestToolbar: 话务条测试</td>
    <td>1</td>
    <td>0</td>
    <td>0</td>
    <td>1</td>
    <td><a href="javascript:showClassDetail('c4',1)">Detail</a></td>
</tr>

<tr id='ft4.1' class='none'>
    <td class='errorCase'><div class='testcase'>test_quick_call: 快速拨号</div></td>
    <td colspan='5' align='center'>

    <!--css div popup start-->
    <a class="popup_link" onfocus='this.blur();' href="javascript:showTestDetail('div_ft4.1')" >
        error</a>

    <div id='div_ft4.1' class="popup_window">
        <div style='text-align: right; color:red;cursor:pointer'>
        <a onfocus='this.blur();' onclick="document.getElementById('div_ft4.1').style.display = 'none' " >
           [x]</a>
        </div>
        <pre>
        
ft4.1: 2018-09-06 09:24:14,963 - root - INFO - ############################### START ###############################
2018-09-06 09:24:19,720 - root - INFO - SUCCESS    Start a new browser: Chrome, Spend 4.757272005081177 seconds
2018-09-06 09:24:20,330 - root - INFO - SUCCESS    Navigated to http://192.168.18.172, Spend 0.6090350151062012 seconds
2018-09-06 09:24:20,331 - root - INFO - SUCCESS    Set wait all element display in 10 seconds, Spend 0.0010001659393310547 seconds
2018-09-06 09:24:23,449 - root - INFO - SUCCESS    Set browser window maximized, Spend 1.1160638332366943 seconds
2018-09-06 09:24:23,768 - root - INFO - SUCCESS    Set wait all element display in 10 seconds, Spend 0.0010001659393310547 seconds
2018-09-06 09:24:23,772 - root - INFO - SUCCESS    Set wait all element display in 5 seconds, Spend 0.002000093460083008 seconds
2018-09-06 09:24:29,827 - root - INFO - FAIL    Unable to type element: &lt;xpath-&gt;//*[@id="top_search"]&gt; content: 13421344506, Spend 6.058346271514893 seconds
2018-09-06 09:24:33,039 - root - INFO - SUCCESS    Closed all window and quit the driver, Spend 3.212183713912964 seconds
2018-09-06 09:24:33,039 - root - INFO - ###############################  End  ###############################
Traceback (most recent call last):
  File "E:\python excercise\JUST\JustCC\testcase\test_4_call_toolbar.py", line 15, in test_quick_call
    toolbar_page.quick_call()
  File "E:\python excercise\JUST\JustCC\public\pages\toolbarPage.py", line 15, in quick_call
    self.dr.type("xpath-&gt;//*[@id=\"top_search\"]","13421344506")
  File "E:\python excercise\JUST\JustCC\public\common\pyselenium.py", line 176, in type
    self.element_wait(css)
  File "E:\python excercise\JUST\JustCC\public\common\pyselenium.py", line 93, in element_wait
    WebDriverWait(self.driver, secs, 1).until(EC.presence_of_element_located((By.XPATH, value)), messages)
  File "C:\Python36\lib\site-packages\selenium\webdriver\support\wait.py", line 80, in until
    raise TimeoutException(message, screen, stacktrace)
selenium.common.exceptions.TimeoutException: Message: Element: xpath-&gt;//*[@id="top_search"] not found in 5 seconds.



        </pre>
    </div>
    <!--css div popup end-->

    </td>
</tr>

<tr id='total_row'>
    <td>Total</td>
    <td>6</td>
    <td>0</td>
    <td>0</td>
    <td>6</td>
    <td>&nbsp;</td>
</tr>
</table>

<div id='ending'>&nbsp;</div>

</body>
</html>
