<?xml version="1.0" encoding="UTF-8"?>
<!DOCTYPE html PUBLIC "-//W3C//DTD XHTML 1.0 Strict//EN" "http://www.w3.org/TR/xhtml1/DTD/xhtml1-strict.dtd">
<html xmlns="http://www.w3.org/1999/xhtml">
<head>
    <title>测试报告</title>
    <meta name="generator" content="HTMLTestRunner 0.8.2"/>
    <meta http-equiv="Content-Type" content="text/html; charset=UTF-8"/>
    
<style type="text/css" media="screen">
body        { font-family: verdana, arial, helvetica, sans-serif; font-size: 80%; }
table       { font-size: 100%; }
pre         { }

/* -- heading ---------------------------------------------------------------------- */
h1 {
	font-size: 16pt;
	color: gray;
}
.heading {
    margin-top: 0ex;
    margin-bottom: 1ex;
}

.heading .attribute {
    margin-top: 1ex;
    margin-bottom: 0;
}

.heading .description {
    margin-top: 4ex;
    margin-bottom: 6ex;
}

/* -- css div popup ------------------------------------------------------------------------ */
a.popup_link {
}

a.popup_link:hover {
    color: red;
}

.popup_window {
    display: none;
    position: relative;
    left: 0px;
    top: 0px;
    /*border: solid #627173 1px; */
    padding: 10px;
    background-color: #E6E6D6;
    font-family: "Lucida Console", "Courier New", Courier, monospace;
    text-align: left;
    font-size: 8pt;
    width: 500px;
}

}
/* -- report ------------------------------------------------------------------------ */
#show_detail_line {
    margin-top: 3ex;
    margin-bottom: 1ex;
}
#result_table {
    width: 80%;
    border-collapse: collapse;
    border: 1px solid #777;
}
#header_row {
    font-weight: bold;
    color: white;
    background-color: #777;
}
#result_table td {
    border: 1px solid #777;
    padding: 2px;
}
#total_row  { font-weight: bold; }
.passClass  { background-color: #6c6; }
.failClass  { background-color: #c60; }
.errorClass { background-color: #c00; }
.passCase   { color: #6c6; }
.failCase   { color: #c60; font-weight: bold; }
.errorCase  { color: #c00; font-weight: bold; }
.hiddenRow  { display: none; }
.testcase   { margin-left: 2em; }


/* -- ending ---------------------------------------------------------------------- */
#ending {
}

</style>

</head>
<body>
<script language="javascript" type="text/javascript"><!--
output_list = Array();

/* level - 0:Summary; 1:Failed; 2:All */
function showCase(level) {
    trs = document.getElementsByTagName("tr");
    for (var i = 0; i < trs.length; i++) {
        tr = trs[i];
        id = tr.id;
        if (id.substr(0,2) == 'ft') {
            if (level < 1) {
                tr.className = 'hiddenRow';
            }
            else {
                tr.className = '';
            }
        }
        if (id.substr(0,2) == 'pt') {
            if (level > 1) {
                tr.className = '';
            }
            else {
                tr.className = 'hiddenRow';
            }
        }
    }
}


function showClassDetail(cid, count) {
    var id_list = Array(count);
    var toHide = 1;
    for (var i = 0; i < count; i++) {
        tid0 = 't' + cid.substr(1) + '.' + (i+1);
        tid = 'f' + tid0;
        tr = document.getElementById(tid);
        if (!tr) {
            tid = 'p' + tid0;
            tr = document.getElementById(tid);
        }
        id_list[i] = tid;
        if (tr.className) {
            toHide = 0;
        }
    }
    for (var i = 0; i < count; i++) {
        tid = id_list[i];
        if (toHide) {
            document.getElementById('div_'+tid).style.display = 'none'
            document.getElementById(tid).className = 'hiddenRow';
        }
        else {
            document.getElementById(tid).className = '';
        }
    }
}


function showTestDetail(div_id){
    var details_div = document.getElementById(div_id)
    var displayState = details_div.style.display
    // alert(displayState)
    if (displayState != 'block' ) {
        displayState = 'block'
        details_div.style.display = 'block'
    }
    else {
        details_div.style.display = 'none'
    }
}


function html_escape(s) {
    s = s.replace(/&/g,'&amp;');
    s = s.replace(/</g,'&lt;');
    s = s.replace(/>/g,'&gt;');
    return s;
}

/* obsoleted by detail in <div>
function showOutput(id, name) {
    var w = window.open("", //url
                    name,
                    "resizable,scrollbars,status,width=800,height=450");
    d = w.document;
    d.write("<pre>");
    d.write(html_escape(output_list[id]));
    d.write("\n");
    d.write("<a href='javascript:window.close()'>close</a>\n");
    d.write("</pre>\n");
    d.close();
}
*/
--></script>

<div class='heading'>
<h1>测试报告</h1>
<p class='attribute'><strong>Start Time:</strong> 2018-08-23 10:58:37</p>
<p class='attribute'><strong>Duration:</strong> 0:02:02.272994</p>
<p class='attribute'><strong>Status:</strong> Pass 1 Error 5</p>

<p class='description'>Test the import testcase</p>
</div>



<p id='show_detail_line'>Show
<a href='javascript:showCase(0)'>Summary</a>
<a href='javascript:showCase(1)'>Failed</a>
<a href='javascript:showCase(2)'>All</a>
</p>
<table id='result_table'>
<colgroup>
<col align='left' />
<col align='right' />
<col align='right' />
<col align='right' />
<col align='right' />
<col align='right' />
</colgroup>
<tr id='header_row'>
    <td>Test Group/Test case</td>
    <td>Count</td>
    <td>Pass</td>
    <td>Fail</td>
    <td>Error</td>
    <td>View</td>
</tr>

<tr class='passClass'>
    <td>testcase.test_1_login_staticlogin.Login: 登录测试</td>
    <td>1</td>
    <td>1</td>
    <td>0</td>
    <td>0</td>
    <td><a href="javascript:showClassDetail('c1',1)">Detail</a></td>
</tr>

<tr id='pt1.1' class='hiddenRow'>
    <td class='none'><div class='testcase'>test_static_login: 静态登录</div></td>
    <td colspan='5' align='center'>

    <!--css div popup start-->
    <a class="popup_link" onfocus='this.blur();' href="javascript:showTestDetail('div_pt1.1')" >
        pass</a>

    <div id='div_pt1.1' class="popup_window">
        <div style='text-align: right; color:red;cursor:pointer'>
        <a onfocus='this.blur();' onclick="document.getElementById('div_pt1.1').style.display = 'none' " >
           [x]</a>
        </div>
        <pre>
        
pt1.1: 2018-08-23 10:58:37,920 - root - INFO - ############################### START ###############################
2018-08-23 10:58:43,093 - root - INFO - SUCCESS    Start a new browser: Chrome, Spend 5.172295808792114 seconds
2018-08-23 10:58:44,830 - root - INFO - SUCCESS    Navigated to http://192.168.18.171, Spend 1.7350990772247314 seconds
2018-08-23 10:58:44,833 - root - INFO - SUCCESS    Set wait all element display in 10 seconds, Spend 0.003000497817993164 seconds
2018-08-23 10:58:47,953 - root - INFO - SUCCESS    Set browser window maximized, Spend 1.1180636882781982 seconds
[{'username': 1001.0, 'password': 1001.0, 'exten': ''}, {'username': 'admin', 'password': 'admin', 'exten': ''}]
2018-08-23 10:58:47,966 - root - INFO - SUCCESS    Set wait all element display in 5 seconds, Spend 0.002000093460083008 seconds
2018-08-23 10:58:48,139 - root - INFO - SUCCESS    Clear and type element: &lt;name-&gt;LoginForm[username]&gt; content: admin, Spend 0.17200994491577148 seconds
2018-08-23 10:58:48,274 - root - INFO - SUCCESS    Clear and type element: &lt;name-&gt;LoginForm[password]&gt; content: admin, Spend 0.13400769233703613 seconds
2018-08-23 10:58:48,278 - root - INFO - SUCCESS    Set wait all element display in 3 seconds, Spend 0.0030002593994140625 seconds
2018-08-23 10:58:48,391 - root - INFO - SUCCESS    Clicked element: &lt;id-&gt;login_btn&gt;, Spend 0.11700677871704102 seconds
2018-08-23 10:58:48,398 - root - INFO - SUCCESS    Set wait all element display in 20 seconds, Spend 0.005000591278076172 seconds
2018-08-23 10:58:58,757 - root - INFO - SUCCESS    Get the current window screenshot,path: E:\python excercise\JUST\JustCC\report\image\login\login.png, Spend 0.34201955795288086 seconds
2018-08-23 10:59:00,768 - root - INFO - SUCCESS    Get current window title, Spend 0.01000070571899414 seconds
2018-08-23 10:59:03,802 - root - INFO - SUCCESS    Closed all window and quit the driver, Spend 3.0321731567382812 seconds
2018-08-23 10:59:03,803 - root - INFO - ###############################  End  ###############################


        </pre>
    </div>
    <!--css div popup end-->

    </td>
</tr>

<tr class='errorClass'>
    <td>testcase.test_2_organize_depart.TestDepart: 部门测试</td>
    <td>2</td>
    <td>0</td>
    <td>0</td>
    <td>2</td>
    <td><a href="javascript:showClassDetail('c2',2)">Detail</a></td>
</tr>

<tr id='ft2.1' class='none'>
    <td class='errorCase'><div class='testcase'>test_depart_add: 添加部门</div></td>
    <td colspan='5' align='center'>

    <!--css div popup start-->
    <a class="popup_link" onfocus='this.blur();' href="javascript:showTestDetail('div_ft2.1')" >
        error</a>

    <div id='div_ft2.1' class="popup_window">
        <div style='text-align: right; color:red;cursor:pointer'>
        <a onfocus='this.blur();' onclick="document.getElementById('div_ft2.1').style.display = 'none' " >
           [x]</a>
        </div>
        <pre>
        
ft2.1: 2018-08-23 10:59:03,804 - root - INFO - ############################### START ###############################
2018-08-23 10:59:08,886 - root - INFO - SUCCESS    Start a new browser: Chrome, Spend 5.0802905559539795 seconds
2018-08-23 10:59:09,819 - root - INFO - SUCCESS    Navigated to http://192.168.18.171, Spend 0.9330530166625977 seconds
2018-08-23 10:59:09,821 - root - INFO - SUCCESS    Set wait all element display in 10 seconds, Spend 0.0010004043579101562 seconds
2018-08-23 10:59:12,948 - root - INFO - SUCCESS    Set browser window maximized, Spend 1.1270642280578613 seconds
2018-08-23 10:59:13,292 - root - INFO - SUCCESS    Set wait all element display in 10 seconds, Spend 0.0009999275207519531 seconds
2018-08-23 10:59:13,296 - root - INFO - SUCCESS    Set wait all element display in 3 seconds, Spend 0.0030002593994140625 seconds
2018-08-23 10:59:21,365 - root - INFO - FAIL    Unable to click element: &lt;css-&gt;#sidebar &gt; ul &gt; li &gt; div &gt; a:nth-child(11) &gt; span&gt;, Spend 8.073462009429932 seconds
2018-08-23 10:59:24,393 - root - INFO - SUCCESS    Closed all window and quit the driver, Spend 3.027172803878784 seconds
2018-08-23 10:59:24,394 - root - INFO - ###############################  End  ###############################
Traceback (most recent call last):
  File "E:\python excercise\JUST\JustCC\testcase\test_2_organize_depart.py", line 15, in test_depart_add
    l=depart_page.add_depart()
  File "E:\python excercise\JUST\JustCC\public\pages\departmentPage.py", line 12, in add_depart
    self.dr.click("css-&gt;#sidebar &gt; ul &gt; li &gt; div &gt; a:nth-child(11) &gt; span")
  File "E:\python excercise\JUST\JustCC\public\common\pyselenium.py", line 217, in click
    self.element_wait(css)
  File "E:\python excercise\JUST\JustCC\public\common\pyselenium.py", line 95, in element_wait
    WebDriverWait(self.driver, secs, 1).until(EC.presence_of_element_located((By.CSS_SELECTOR, value)),messages)
  File "C:\Python36\lib\site-packages\selenium\webdriver\support\wait.py", line 80, in until
    raise TimeoutException(message, screen, stacktrace)
selenium.common.exceptions.TimeoutException: Message: Element: css-&gt;#sidebar &gt; ul &gt; li &gt; div &gt; a:nth-child(11) &gt; span not found in 5 seconds.



        </pre>
    </div>
    <!--css div popup end-->

    </td>
</tr>

<tr id='ft2.2' class='none'>
    <td class='errorCase'><div class='testcase'>test_depart_del: 删除部门</div></td>
    <td colspan='5' align='center'>

    <!--css div popup start-->
    <a class="popup_link" onfocus='this.blur();' href="javascript:showTestDetail('div_ft2.2')" >
        error</a>

    <div id='div_ft2.2' class="popup_window">
        <div style='text-align: right; color:red;cursor:pointer'>
        <a onfocus='this.blur();' onclick="document.getElementById('div_ft2.2').style.display = 'none' " >
           [x]</a>
        </div>
        <pre>
        
ft2.2: 2018-08-23 10:59:24,396 - root - INFO - ############################### START ###############################
2018-08-23 10:59:29,494 - root - INFO - SUCCESS    Start a new browser: Chrome, Spend 5.096291542053223 seconds
2018-08-23 10:59:30,391 - root - INFO - SUCCESS    Navigated to http://192.168.18.171, Spend 0.8950512409210205 seconds
2018-08-23 10:59:30,396 - root - INFO - SUCCESS    Set wait all element display in 10 seconds, Spend 0.004000425338745117 seconds
2018-08-23 10:59:33,534 - root - INFO - SUCCESS    Set browser window maximized, Spend 1.1380648612976074 seconds
2018-08-23 10:59:33,921 - root - INFO - SUCCESS    Set wait all element display in 10 seconds, Spend 0.008000612258911133 seconds
2018-08-23 10:59:33,931 - root - INFO - SUCCESS    Set wait all element display in 3 seconds, Spend 0.009000778198242188 seconds
2018-08-23 10:59:42,003 - root - INFO - FAIL    Unable to click element: &lt;css-&gt;#sidebar &gt; ul &gt; li &gt; div &gt; a:nth-child(11) &gt; span&gt;, Spend 8.081462383270264 seconds
2018-08-23 10:59:45,060 - root - INFO - SUCCESS    Closed all window and quit the driver, Spend 3.0561747550964355 seconds
2018-08-23 10:59:45,060 - root - INFO - ###############################  End  ###############################
Traceback (most recent call last):
  File "E:\python excercise\JUST\JustCC\testcase\test_2_organize_depart.py", line 22, in test_depart_del
    l=depart_page.del_depart()
  File "E:\python excercise\JUST\JustCC\public\pages\departmentPage.py", line 36, in del_depart
    self.dr.click("css-&gt;#sidebar &gt; ul &gt; li &gt; div &gt; a:nth-child(11) &gt; span")
  File "E:\python excercise\JUST\JustCC\public\common\pyselenium.py", line 217, in click
    self.element_wait(css)
  File "E:\python excercise\JUST\JustCC\public\common\pyselenium.py", line 95, in element_wait
    WebDriverWait(self.driver, secs, 1).until(EC.presence_of_element_located((By.CSS_SELECTOR, value)),messages)
  File "C:\Python36\lib\site-packages\selenium\webdriver\support\wait.py", line 80, in until
    raise TimeoutException(message, screen, stacktrace)
selenium.common.exceptions.TimeoutException: Message: Element: css-&gt;#sidebar &gt; ul &gt; li &gt; div &gt; a:nth-child(11) &gt; span not found in 5 seconds.



        </pre>
    </div>
    <!--css div popup end-->

    </td>
</tr>

<tr class='errorClass'>
    <td>testcase.test_3_organize_user.TestUser: 用户测试</td>
    <td>2</td>
    <td>0</td>
    <td>0</td>
    <td>2</td>
    <td><a href="javascript:showClassDetail('c3',2)">Detail</a></td>
</tr>

<tr id='ft3.1' class='none'>
    <td class='errorCase'><div class='testcase'>test_user_add: 添加用户</div></td>
    <td colspan='5' align='center'>

    <!--css div popup start-->
    <a class="popup_link" onfocus='this.blur();' href="javascript:showTestDetail('div_ft3.1')" >
        error</a>

    <div id='div_ft3.1' class="popup_window">
        <div style='text-align: right; color:red;cursor:pointer'>
        <a onfocus='this.blur();' onclick="document.getElementById('div_ft3.1').style.display = 'none' " >
           [x]</a>
        </div>
        <pre>
        
ft3.1: 2018-08-23 10:59:45,061 - root - INFO - ############################### START ###############################
2018-08-23 10:59:50,163 - root - INFO - SUCCESS    Start a new browser: Chrome, Spend 5.102292060852051 seconds
2018-08-23 10:59:54,779 - root - INFO - SUCCESS    Navigated to http://192.168.18.171, Spend 4.615263938903809 seconds
2018-08-23 10:59:54,781 - root - INFO - SUCCESS    Set wait all element display in 10 seconds, Spend 0.002000093460083008 seconds
2018-08-23 10:59:57,907 - root - INFO - SUCCESS    Set browser window maximized, Spend 1.1230642795562744 seconds
2018-08-23 10:59:58,426 - root - INFO - SUCCESS    Set wait all element display in 10 seconds, Spend 0.003000020980834961 seconds
2018-08-23 10:59:58,432 - root - INFO - SUCCESS    Set wait all element display in 3 seconds, Spend 0.002000093460083008 seconds
2018-08-23 11:00:06,512 - root - INFO - FAIL    Unable to click element: &lt;css-&gt;#sidebar &gt; ul &gt; li &gt; div &gt; a:nth-child(11) &gt; span&gt;, Spend 8.082462310791016 seconds
2018-08-23 11:00:09,553 - root - INFO - SUCCESS    Closed all window and quit the driver, Spend 3.0391738414764404 seconds
2018-08-23 11:00:09,553 - root - INFO - ###############################  End  ###############################
Traceback (most recent call last):
  File "E:\python excercise\JUST\JustCC\testcase\test_3_organize_user.py", line 18, in test_user_add
    l=user_page.add_user(str(data['work_no']).split('.')[0],data['work_name'],data['username'])
  File "E:\python excercise\JUST\JustCC\public\pages\userPage.py", line 12, in add_user
    self.dr.click("css-&gt;#sidebar &gt; ul &gt; li &gt; div &gt; a:nth-child(11) &gt; span")
  File "E:\python excercise\JUST\JustCC\public\common\pyselenium.py", line 217, in click
    self.element_wait(css)
  File "E:\python excercise\JUST\JustCC\public\common\pyselenium.py", line 95, in element_wait
    WebDriverWait(self.driver, secs, 1).until(EC.presence_of_element_located((By.CSS_SELECTOR, value)),messages)
  File "C:\Python36\lib\site-packages\selenium\webdriver\support\wait.py", line 80, in until
    raise TimeoutException(message, screen, stacktrace)
selenium.common.exceptions.TimeoutException: Message: Element: css-&gt;#sidebar &gt; ul &gt; li &gt; div &gt; a:nth-child(11) &gt; span not found in 5 seconds.



        </pre>
    </div>
    <!--css div popup end-->

    </td>
</tr>

<tr id='ft3.2' class='none'>
    <td class='errorCase'><div class='testcase'>test_user_del: 删除用户</div></td>
    <td colspan='5' align='center'>

    <!--css div popup start-->
    <a class="popup_link" onfocus='this.blur();' href="javascript:showTestDetail('div_ft3.2')" >
        error</a>

    <div id='div_ft3.2' class="popup_window">
        <div style='text-align: right; color:red;cursor:pointer'>
        <a onfocus='this.blur();' onclick="document.getElementById('div_ft3.2').style.display = 'none' " >
           [x]</a>
        </div>
        <pre>
        
ft3.2: 2018-08-23 11:00:09,554 - root - INFO - ############################### START ###############################
2018-08-23 11:00:14,662 - root - INFO - SUCCESS    Start a new browser: Chrome, Spend 5.107292175292969 seconds
2018-08-23 11:00:15,318 - root - INFO - SUCCESS    Navigated to http://192.168.18.171, Spend 0.6520373821258545 seconds
2018-08-23 11:00:15,322 - root - INFO - SUCCESS    Set wait all element display in 10 seconds, Spend 0.0030002593994140625 seconds
2018-08-23 11:00:18,456 - root - INFO - SUCCESS    Set browser window maximized, Spend 1.1330645084381104 seconds
2018-08-23 11:00:18,798 - root - INFO - SUCCESS    Set wait all element display in 10 seconds, Spend 0.0009999275207519531 seconds
2018-08-23 11:00:18,801 - root - INFO - SUCCESS    Set wait all element display in 3 seconds, Spend 0.002000093460083008 seconds
2018-08-23 11:00:21,604 - root - INFO - FAIL    Unable to click element: &lt;css-&gt;#sidebar &gt; ul &gt; li &gt; div &gt; a:nth-child(11) &gt; span&gt;, Spend 2.8051605224609375 seconds
2018-08-23 11:00:24,615 - root - INFO - SUCCESS    Closed all window and quit the driver, Spend 3.010172128677368 seconds
2018-08-23 11:00:24,616 - root - INFO - ###############################  End  ###############################
Traceback (most recent call last):
  File "E:\python excercise\JUST\JustCC\testcase\test_3_organize_user.py", line 27, in test_user_del
    l=user_page.del_user(3)
  File "E:\python excercise\JUST\JustCC\public\pages\userPage.py", line 50, in del_user
    self.dr.click("css-&gt;#sidebar &gt; ul &gt; li &gt; div &gt; a:nth-child(11) &gt; span")
  File "E:\python excercise\JUST\JustCC\public\common\pyselenium.py", line 217, in click
    self.element_wait(css)
  File "E:\python excercise\JUST\JustCC\public\common\pyselenium.py", line 95, in element_wait
    WebDriverWait(self.driver, secs, 1).until(EC.presence_of_element_located((By.CSS_SELECTOR, value)),messages)
  File "C:\Python36\lib\site-packages\selenium\webdriver\support\wait.py", line 71, in until
    value = method(self._driver)
  File "C:\Python36\lib\site-packages\selenium\webdriver\support\expected_conditions.py", line 63, in __call__
    return _find_element(driver, self.locator)
  File "C:\Python36\lib\site-packages\selenium\webdriver\support\expected_conditions.py", line 401, in _find_element
    raise e
  File "C:\Python36\lib\site-packages\selenium\webdriver\support\expected_conditions.py", line 397, in _find_element
    return driver.find_element(*by)
  File "C:\Python36\lib\site-packages\selenium\webdriver\remote\webdriver.py", line 955, in find_element
    'value': value})['value']
  File "C:\Python36\lib\site-packages\selenium\webdriver\remote\webdriver.py", line 312, in execute
    self.error_handler.check_response(response)
  File "C:\Python36\lib\site-packages\selenium\webdriver\remote\errorhandler.py", line 242, in check_response
    raise exception_class(message, screen, stacktrace)
selenium.common.exceptions.NoSuchWindowException: Message: no such window: target window already closed
from unknown error: web view not found
  (Session info: chrome=67.0.3396.99)
  (Driver info: chromedriver=2.39.562718 (9a2698cba08cf5a471a29d30c8b3e12becabb0e9),platform=Windows NT 6.1.7601 SP1 x86_64)



        </pre>
    </div>
    <!--css div popup end-->

    </td>
</tr>

<tr class='errorClass'>
    <td>testcase.test_4_call_toolbar.TestToolbar: 话务条测试</td>
    <td>1</td>
    <td>0</td>
    <td>0</td>
    <td>1</td>
    <td><a href="javascript:showClassDetail('c4',1)">Detail</a></td>
</tr>

<tr id='ft4.1' class='none'>
    <td class='errorCase'><div class='testcase'>test_quick_call: 快速拨号</div></td>
    <td colspan='5' align='center'>

    <!--css div popup start-->
    <a class="popup_link" onfocus='this.blur();' href="javascript:showTestDetail('div_ft4.1')" >
        error</a>

    <div id='div_ft4.1' class="popup_window">
        <div style='text-align: right; color:red;cursor:pointer'>
        <a onfocus='this.blur();' onclick="document.getElementById('div_ft4.1').style.display = 'none' " >
           [x]</a>
        </div>
        <pre>
        
ft4.1: 2018-08-23 11:00:24,618 - root - INFO - ############################### START ###############################
2018-08-23 11:00:29,867 - root - INFO - SUCCESS    Start a new browser: Chrome, Spend 5.249300241470337 seconds
2018-08-23 11:00:30,700 - root - INFO - SUCCESS    Navigated to http://192.168.18.171, Spend 0.8330473899841309 seconds
2018-08-23 11:00:30,704 - root - INFO - SUCCESS    Set wait all element display in 10 seconds, Spend 0.0020003318786621094 seconds
2018-08-23 11:00:33,829 - root - INFO - SUCCESS    Set browser window maximized, Spend 1.1220641136169434 seconds
2018-08-23 11:00:34,162 - root - INFO - SUCCESS    Set wait all element display in 10 seconds, Spend 0.0010001659393310547 seconds
2018-08-23 11:00:34,170 - root - INFO - SUCCESS    Set wait all element display in 5 seconds, Spend 0.00700068473815918 seconds
2018-08-23 11:00:37,179 - root - INFO - FAIL    Unable to type element: &lt;xpath-&gt;//*[@id="top_search"]&gt; content: 13421344506, Spend 3.0151727199554443 seconds
2018-08-23 11:00:40,191 - root - INFO - SUCCESS    Closed all window and quit the driver, Spend 3.011172294616699 seconds
2018-08-23 11:00:40,192 - root - INFO - ###############################  End  ###############################
Traceback (most recent call last):
  File "E:\python excercise\JUST\JustCC\testcase\test_4_call_toolbar.py", line 15, in test_quick_call
    toolbar_page.quick_call()
  File "E:\python excercise\JUST\JustCC\public\pages\toolbarPage.py", line 15, in quick_call
    self.dr.type("xpath-&gt;//*[@id=\"top_search\"]","13421344506")
  File "E:\python excercise\JUST\JustCC\public\common\pyselenium.py", line 176, in type
    self.element_wait(css)
  File "E:\python excercise\JUST\JustCC\public\common\pyselenium.py", line 93, in element_wait
    WebDriverWait(self.driver, secs, 1).until(EC.presence_of_element_located((By.XPATH, value)), messages)
  File "C:\Python36\lib\site-packages\selenium\webdriver\support\wait.py", line 71, in until
    value = method(self._driver)
  File "C:\Python36\lib\site-packages\selenium\webdriver\support\expected_conditions.py", line 63, in __call__
    return _find_element(driver, self.locator)
  File "C:\Python36\lib\site-packages\selenium\webdriver\support\expected_conditions.py", line 401, in _find_element
    raise e
  File "C:\Python36\lib\site-packages\selenium\webdriver\support\expected_conditions.py", line 397, in _find_element
    return driver.find_element(*by)
  File "C:\Python36\lib\site-packages\selenium\webdriver\remote\webdriver.py", line 955, in find_element
    'value': value})['value']
  File "C:\Python36\lib\site-packages\selenium\webdriver\remote\webdriver.py", line 312, in execute
    self.error_handler.check_response(response)
  File "C:\Python36\lib\site-packages\selenium\webdriver\remote\errorhandler.py", line 242, in check_response
    raise exception_class(message, screen, stacktrace)
selenium.common.exceptions.NoSuchWindowException: Message: no such window: target window already closed
from unknown error: web view not found
  (Session info: chrome=67.0.3396.99)
  (Driver info: chromedriver=2.39.562718 (9a2698cba08cf5a471a29d30c8b3e12becabb0e9),platform=Windows NT 6.1.7601 SP1 x86_64)



        </pre>
    </div>
    <!--css div popup end-->

    </td>
</tr>

<tr id='total_row'>
    <td>Total</td>
    <td>6</td>
    <td>1</td>
    <td>0</td>
    <td>5</td>
    <td>&nbsp;</td>
</tr>
</table>

<div id='ending'>&nbsp;</div>

</body>
</html>
