<?xml version="1.0" encoding="UTF-8"?>
<!DOCTYPE html PUBLIC "-//W3C//DTD XHTML 1.0 Strict//EN" "http://www.w3.org/TR/xhtml1/DTD/xhtml1-strict.dtd">
<html xmlns="http://www.w3.org/1999/xhtml">
<head>
    <title>测试报告</title>
    <meta name="generator" content="HTMLTestRunner 0.8.2"/>
    <meta http-equiv="Content-Type" content="text/html; charset=UTF-8"/>
    
<style type="text/css" media="screen">
body        { font-family: verdana, arial, helvetica, sans-serif; font-size: 80%; }
table       { font-size: 100%; }
pre         { }

/* -- heading ---------------------------------------------------------------------- */
h1 {
	font-size: 16pt;
	color: gray;
}
.heading {
    margin-top: 0ex;
    margin-bottom: 1ex;
}

.heading .attribute {
    margin-top: 1ex;
    margin-bottom: 0;
}

.heading .description {
    margin-top: 4ex;
    margin-bottom: 6ex;
}

/* -- css div popup ------------------------------------------------------------------------ */
a.popup_link {
}

a.popup_link:hover {
    color: red;
}

.popup_window {
    display: none;
    position: relative;
    left: 0px;
    top: 0px;
    /*border: solid #627173 1px; */
    padding: 10px;
    background-color: #E6E6D6;
    font-family: "Lucida Console", "Courier New", Courier, monospace;
    text-align: left;
    font-size: 8pt;
    width: 500px;
}

}
/* -- report ------------------------------------------------------------------------ */
#show_detail_line {
    margin-top: 3ex;
    margin-bottom: 1ex;
}
#result_table {
    width: 80%;
    border-collapse: collapse;
    border: 1px solid #777;
}
#header_row {
    font-weight: bold;
    color: white;
    background-color: #777;
}
#result_table td {
    border: 1px solid #777;
    padding: 2px;
}
#total_row  { font-weight: bold; }
.passClass  { background-color: #6c6; }
.failClass  { background-color: #c60; }
.errorClass { background-color: #c00; }
.passCase   { color: #6c6; }
.failCase   { color: #c60; font-weight: bold; }
.errorCase  { color: #c00; font-weight: bold; }
.hiddenRow  { display: none; }
.testcase   { margin-left: 2em; }


/* -- ending ---------------------------------------------------------------------- */
#ending {
}

</style>

</head>
<body>
<script language="javascript" type="text/javascript"><!--
output_list = Array();

/* level - 0:Summary; 1:Failed; 2:All */
function showCase(level) {
    trs = document.getElementsByTagName("tr");
    for (var i = 0; i < trs.length; i++) {
        tr = trs[i];
        id = tr.id;
        if (id.substr(0,2) == 'ft') {
            if (level < 1) {
                tr.className = 'hiddenRow';
            }
            else {
                tr.className = '';
            }
        }
        if (id.substr(0,2) == 'pt') {
            if (level > 1) {
                tr.className = '';
            }
            else {
                tr.className = 'hiddenRow';
            }
        }
    }
}


function showClassDetail(cid, count) {
    var id_list = Array(count);
    var toHide = 1;
    for (var i = 0; i < count; i++) {
        tid0 = 't' + cid.substr(1) + '.' + (i+1);
        tid = 'f' + tid0;
        tr = document.getElementById(tid);
        if (!tr) {
            tid = 'p' + tid0;
            tr = document.getElementById(tid);
        }
        id_list[i] = tid;
        if (tr.className) {
            toHide = 0;
        }
    }
    for (var i = 0; i < count; i++) {
        tid = id_list[i];
        if (toHide) {
            document.getElementById('div_'+tid).style.display = 'none'
            document.getElementById(tid).className = 'hiddenRow';
        }
        else {
            document.getElementById(tid).className = '';
        }
    }
}


function showTestDetail(div_id){
    var details_div = document.getElementById(div_id)
    var displayState = details_div.style.display
    // alert(displayState)
    if (displayState != 'block' ) {
        displayState = 'block'
        details_div.style.display = 'block'
    }
    else {
        details_div.style.display = 'none'
    }
}


function html_escape(s) {
    s = s.replace(/&/g,'&amp;');
    s = s.replace(/</g,'&lt;');
    s = s.replace(/>/g,'&gt;');
    return s;
}

/* obsoleted by detail in <div>
function showOutput(id, name) {
    var w = window.open("", //url
                    name,
                    "resizable,scrollbars,status,width=800,height=450");
    d = w.document;
    d.write("<pre>");
    d.write(html_escape(output_list[id]));
    d.write("\n");
    d.write("<a href='javascript:window.close()'>close</a>\n");
    d.write("</pre>\n");
    d.close();
}
*/
--></script>

<div class='heading'>
<h1>测试报告</h1>
<p class='attribute'><strong>Start Time:</strong> 2018-08-28 18:28:44</p>
<p class='attribute'><strong>Duration:</strong> 0:02:17.296853</p>
<p class='attribute'><strong>Status:</strong> Pass 1 Error 5</p>

<p class='description'>Test the import testcase</p>
</div>



<p id='show_detail_line'>Show
<a href='javascript:showCase(0)'>Summary</a>
<a href='javascript:showCase(1)'>Failed</a>
<a href='javascript:showCase(2)'>All</a>
</p>
<table id='result_table'>
<colgroup>
<col align='left' />
<col align='right' />
<col align='right' />
<col align='right' />
<col align='right' />
<col align='right' />
</colgroup>
<tr id='header_row'>
    <td>Test Group/Test case</td>
    <td>Count</td>
    <td>Pass</td>
    <td>Fail</td>
    <td>Error</td>
    <td>View</td>
</tr>

<tr class='passClass'>
    <td>testcase.test_1_login_staticlogin.Login: 登录测试</td>
    <td>1</td>
    <td>1</td>
    <td>0</td>
    <td>0</td>
    <td><a href="javascript:showClassDetail('c1',1)">Detail</a></td>
</tr>

<tr id='pt1.1' class='hiddenRow'>
    <td class='none'><div class='testcase'>test_static_login: 静态登录</div></td>
    <td colspan='5' align='center'>

    <!--css div popup start-->
    <a class="popup_link" onfocus='this.blur();' href="javascript:showTestDetail('div_pt1.1')" >
        pass</a>

    <div id='div_pt1.1' class="popup_window">
        <div style='text-align: right; color:red;cursor:pointer'>
        <a onfocus='this.blur();' onclick="document.getElementById('div_pt1.1').style.display = 'none' " >
           [x]</a>
        </div>
        <pre>
        
pt1.1: 2018-08-28 18:28:44,092 - root - INFO - ############################### START ###############################
2018-08-28 18:28:50,730 - root - INFO - SUCCESS    Start a new browser: Chrome, Spend 6.6353795528411865 seconds
2018-08-28 18:28:52,139 - root - INFO - SUCCESS    Navigated to http://192.168.18.172, Spend 1.408080816268921 seconds
2018-08-28 18:28:52,156 - root - INFO - SUCCESS    Set wait all element display in 10 seconds, Spend 0.016000986099243164 seconds
2018-08-28 18:28:55,340 - root - INFO - SUCCESS    Set browser window maximized, Spend 1.1830675601959229 seconds
[{'username': 1001.0, 'password': 1001.0, 'exten': ''}, {'username': 'admin', 'password': 'admin', 'exten': ''}]
2018-08-28 18:28:55,357 - root - INFO - SUCCESS    Set wait all element display in 5 seconds, Spend 0.0020003318786621094 seconds
2018-08-28 18:28:55,658 - root - INFO - SUCCESS    Clear and type element: &lt;name-&gt;LoginForm[username]&gt; content: admin, Spend 0.29901695251464844 seconds
2018-08-28 18:28:55,942 - root - INFO - SUCCESS    Clear and type element: &lt;name-&gt;LoginForm[password]&gt; content: admin, Spend 0.28401613235473633 seconds
2018-08-28 18:28:55,944 - root - INFO - SUCCESS    Set wait all element display in 3 seconds, Spend 0.0010001659393310547 seconds
2018-08-28 18:28:56,095 - root - INFO - SUCCESS    Clicked element: &lt;id-&gt;login_btn&gt;, Spend 0.15100860595703125 seconds
2018-08-28 18:28:56,110 - root - INFO - SUCCESS    Set wait all element display in 20 seconds, Spend 0.012000322341918945 seconds
2018-08-28 18:29:06,511 - root - INFO - SUCCESS    Get the current window screenshot,path: E:\python excercise\JUST\JustCC\report\image\login\login.png, Spend 0.38402223587036133 seconds
2018-08-28 18:29:08,524 - root - INFO - SUCCESS    Get current window title, Spend 0.011000394821166992 seconds
2018-08-28 18:29:11,697 - root - INFO - SUCCESS    Closed all window and quit the driver, Spend 3.1731815338134766 seconds
2018-08-28 18:29:11,699 - root - INFO - ###############################  End  ###############################


        </pre>
    </div>
    <!--css div popup end-->

    </td>
</tr>

<tr class='errorClass'>
    <td>testcase.test_2_organize_depart.TestDepart: 部门测试</td>
    <td>2</td>
    <td>0</td>
    <td>0</td>
    <td>2</td>
    <td><a href="javascript:showClassDetail('c2',2)">Detail</a></td>
</tr>

<tr id='ft2.1' class='none'>
    <td class='errorCase'><div class='testcase'>test_depart_add: 添加部门</div></td>
    <td colspan='5' align='center'>

    <!--css div popup start-->
    <a class="popup_link" onfocus='this.blur();' href="javascript:showTestDetail('div_ft2.1')" >
        error</a>

    <div id='div_ft2.1' class="popup_window">
        <div style='text-align: right; color:red;cursor:pointer'>
        <a onfocus='this.blur();' onclick="document.getElementById('div_ft2.1').style.display = 'none' " >
           [x]</a>
        </div>
        <pre>
        
ft2.1: 2018-08-28 18:29:11,699 - root - INFO - ############################### START ###############################
2018-08-28 18:29:17,940 - root - INFO - SUCCESS    Start a new browser: Chrome, Spend 6.239356994628906 seconds
2018-08-28 18:29:19,193 - root - INFO - SUCCESS    Navigated to http://192.168.18.172, Spend 1.2530715465545654 seconds
2018-08-28 18:29:19,199 - root - INFO - SUCCESS    Set wait all element display in 10 seconds, Spend 0.006000518798828125 seconds
2018-08-28 18:29:22,365 - root - INFO - SUCCESS    Set browser window maximized, Spend 1.1640665531158447 seconds
2018-08-28 18:29:23,150 - root - INFO - SUCCESS    Set wait all element display in 10 seconds, Spend 0.002000093460083008 seconds
2018-08-28 18:29:23,154 - root - INFO - SUCCESS    Set wait all element display in 3 seconds, Spend 0.003000020980834961 seconds
2018-08-28 18:29:31,282 - root - INFO - FAIL    Unable to click element: &lt;css-&gt;#sidebar &gt; ul &gt; li &gt; div &gt; a:nth-child(11) &gt; span&gt;, Spend 8.132465124130249 seconds
2018-08-28 18:29:34,404 - root - INFO - SUCCESS    Closed all window and quit the driver, Spend 3.120178461074829 seconds
2018-08-28 18:29:34,405 - root - INFO - ###############################  End  ###############################
Traceback (most recent call last):
  File "E:\python excercise\JUST\JustCC\testcase\test_2_organize_depart.py", line 15, in test_depart_add
    l=depart_page.add_depart()
  File "E:\python excercise\JUST\JustCC\public\pages\departmentPage.py", line 12, in add_depart
    self.dr.click("css-&gt;#sidebar &gt; ul &gt; li &gt; div &gt; a:nth-child(11) &gt; span")
  File "E:\python excercise\JUST\JustCC\public\common\pyselenium.py", line 217, in click
    self.element_wait(css)
  File "E:\python excercise\JUST\JustCC\public\common\pyselenium.py", line 95, in element_wait
    WebDriverWait(self.driver, secs, 1).until(EC.presence_of_element_located((By.CSS_SELECTOR, value)),messages)
  File "C:\Python36\lib\site-packages\selenium\webdriver\support\wait.py", line 80, in until
    raise TimeoutException(message, screen, stacktrace)
selenium.common.exceptions.TimeoutException: Message: Element: css-&gt;#sidebar &gt; ul &gt; li &gt; div &gt; a:nth-child(11) &gt; span not found in 5 seconds.



        </pre>
    </div>
    <!--css div popup end-->

    </td>
</tr>

<tr id='ft2.2' class='none'>
    <td class='errorCase'><div class='testcase'>test_depart_del: 删除部门</div></td>
    <td colspan='5' align='center'>

    <!--css div popup start-->
    <a class="popup_link" onfocus='this.blur();' href="javascript:showTestDetail('div_ft2.2')" >
        error</a>

    <div id='div_ft2.2' class="popup_window">
        <div style='text-align: right; color:red;cursor:pointer'>
        <a onfocus='this.blur();' onclick="document.getElementById('div_ft2.2').style.display = 'none' " >
           [x]</a>
        </div>
        <pre>
        
ft2.2: 2018-08-28 18:29:34,437 - root - INFO - ############################### START ###############################
2018-08-28 18:29:39,925 - root - INFO - SUCCESS    Start a new browser: Chrome, Spend 5.485313653945923 seconds
2018-08-28 18:29:41,920 - root - INFO - SUCCESS    Navigated to http://192.168.18.172, Spend 1.9941143989562988 seconds
2018-08-28 18:29:41,924 - root - INFO - SUCCESS    Set wait all element display in 10 seconds, Spend 0.002000093460083008 seconds
2018-08-28 18:29:45,157 - root - INFO - SUCCESS    Set browser window maximized, Spend 1.2300705909729004 seconds
2018-08-28 18:29:45,705 - root - INFO - SUCCESS    Set wait all element display in 10 seconds, Spend 0.006000518798828125 seconds
2018-08-28 18:29:45,709 - root - INFO - SUCCESS    Set wait all element display in 3 seconds, Spend 0.003000020980834961 seconds
2018-08-28 18:29:53,823 - root - INFO - FAIL    Unable to click element: &lt;css-&gt;#sidebar &gt; ul &gt; li &gt; div &gt; a:nth-child(11) &gt; span&gt;, Spend 8.117464303970337 seconds
2018-08-28 18:29:56,905 - root - INFO - SUCCESS    Closed all window and quit the driver, Spend 3.0801761150360107 seconds
2018-08-28 18:29:56,906 - root - INFO - ###############################  End  ###############################
Traceback (most recent call last):
  File "E:\python excercise\JUST\JustCC\testcase\test_2_organize_depart.py", line 22, in test_depart_del
    l=depart_page.del_depart()
  File "E:\python excercise\JUST\JustCC\public\pages\departmentPage.py", line 36, in del_depart
    self.dr.click("css-&gt;#sidebar &gt; ul &gt; li &gt; div &gt; a:nth-child(11) &gt; span")
  File "E:\python excercise\JUST\JustCC\public\common\pyselenium.py", line 217, in click
    self.element_wait(css)
  File "E:\python excercise\JUST\JustCC\public\common\pyselenium.py", line 95, in element_wait
    WebDriverWait(self.driver, secs, 1).until(EC.presence_of_element_located((By.CSS_SELECTOR, value)),messages)
  File "C:\Python36\lib\site-packages\selenium\webdriver\support\wait.py", line 80, in until
    raise TimeoutException(message, screen, stacktrace)
selenium.common.exceptions.TimeoutException: Message: Element: css-&gt;#sidebar &gt; ul &gt; li &gt; div &gt; a:nth-child(11) &gt; span not found in 5 seconds.



        </pre>
    </div>
    <!--css div popup end-->

    </td>
</tr>

<tr class='errorClass'>
    <td>testcase.test_3_organize_user.TestUser: 用户测试</td>
    <td>2</td>
    <td>0</td>
    <td>0</td>
    <td>2</td>
    <td><a href="javascript:showClassDetail('c3',2)">Detail</a></td>
</tr>

<tr id='ft3.1' class='none'>
    <td class='errorCase'><div class='testcase'>test_user_add: 添加用户</div></td>
    <td colspan='5' align='center'>

    <!--css div popup start-->
    <a class="popup_link" onfocus='this.blur();' href="javascript:showTestDetail('div_ft3.1')" >
        error</a>

    <div id='div_ft3.1' class="popup_window">
        <div style='text-align: right; color:red;cursor:pointer'>
        <a onfocus='this.blur();' onclick="document.getElementById('div_ft3.1').style.display = 'none' " >
           [x]</a>
        </div>
        <pre>
        
ft3.1: 2018-08-28 18:29:56,907 - root - INFO - ############################### START ###############################
2018-08-28 18:30:02,261 - root - INFO - SUCCESS    Start a new browser: Chrome, Spend 5.352306127548218 seconds
2018-08-28 18:30:03,026 - root - INFO - SUCCESS    Navigated to http://192.168.18.172, Spend 0.7630436420440674 seconds
2018-08-28 18:30:03,029 - root - INFO - SUCCESS    Set wait all element display in 10 seconds, Spend 0.002000093460083008 seconds
2018-08-28 18:30:06,240 - root - INFO - SUCCESS    Set browser window maximized, Spend 1.2110695838928223 seconds
2018-08-28 18:30:06,741 - root - INFO - SUCCESS    Set wait all element display in 10 seconds, Spend 0.0030002593994140625 seconds
2018-08-28 18:30:06,752 - root - INFO - SUCCESS    Set wait all element display in 3 seconds, Spend 0.003000020980834961 seconds
2018-08-28 18:30:14,850 - root - INFO - FAIL    Unable to click element: &lt;css-&gt;#sidebar &gt; ul &gt; li &gt; div &gt; a:nth-child(11) &gt; span&gt;, Spend 8.102463245391846 seconds
2018-08-28 18:30:19,192 - root - INFO - SUCCESS    Closed all window and quit the driver, Spend 4.340247869491577 seconds
2018-08-28 18:30:19,193 - root - INFO - ###############################  End  ###############################
Traceback (most recent call last):
  File "E:\python excercise\JUST\JustCC\testcase\test_3_organize_user.py", line 18, in test_user_add
    l=user_page.add_user(str(data['work_no']).split('.')[0],data['work_name'],data['username'])
  File "E:\python excercise\JUST\JustCC\public\pages\userPage.py", line 12, in add_user
    self.dr.click("css-&gt;#sidebar &gt; ul &gt; li &gt; div &gt; a:nth-child(11) &gt; span")
  File "E:\python excercise\JUST\JustCC\public\common\pyselenium.py", line 217, in click
    self.element_wait(css)
  File "E:\python excercise\JUST\JustCC\public\common\pyselenium.py", line 95, in element_wait
    WebDriverWait(self.driver, secs, 1).until(EC.presence_of_element_located((By.CSS_SELECTOR, value)),messages)
  File "C:\Python36\lib\site-packages\selenium\webdriver\support\wait.py", line 80, in until
    raise TimeoutException(message, screen, stacktrace)
selenium.common.exceptions.TimeoutException: Message: Element: css-&gt;#sidebar &gt; ul &gt; li &gt; div &gt; a:nth-child(11) &gt; span not found in 5 seconds.



        </pre>
    </div>
    <!--css div popup end-->

    </td>
</tr>

<tr id='ft3.2' class='none'>
    <td class='errorCase'><div class='testcase'>test_user_del: 删除用户</div></td>
    <td colspan='5' align='center'>

    <!--css div popup start-->
    <a class="popup_link" onfocus='this.blur();' href="javascript:showTestDetail('div_ft3.2')" >
        error</a>

    <div id='div_ft3.2' class="popup_window">
        <div style='text-align: right; color:red;cursor:pointer'>
        <a onfocus='this.blur();' onclick="document.getElementById('div_ft3.2').style.display = 'none' " >
           [x]</a>
        </div>
        <pre>
        
ft3.2: 2018-08-28 18:30:19,195 - root - INFO - ############################### START ###############################
2018-08-28 18:30:24,967 - root - INFO - SUCCESS    Start a new browser: Chrome, Spend 5.771329879760742 seconds
2018-08-28 18:30:26,293 - root - INFO - SUCCESS    Navigated to http://192.168.18.172, Spend 1.325075626373291 seconds
2018-08-28 18:30:26,297 - root - INFO - SUCCESS    Set wait all element display in 10 seconds, Spend 0.003000020980834961 seconds
2018-08-28 18:30:29,443 - root - INFO - SUCCESS    Set browser window maximized, Spend 1.1440656185150146 seconds
2018-08-28 18:30:30,478 - root - INFO - SUCCESS    Set wait all element display in 10 seconds, Spend 0.01500082015991211 seconds
2018-08-28 18:30:30,482 - root - INFO - SUCCESS    Set wait all element display in 3 seconds, Spend 0.0030002593994140625 seconds
2018-08-28 18:30:38,536 - root - INFO - FAIL    Unable to click element: &lt;css-&gt;#sidebar &gt; ul &gt; li &gt; div &gt; a:nth-child(11) &gt; span&gt;, Spend 8.057461023330688 seconds
2018-08-28 18:30:41,594 - root - INFO - SUCCESS    Closed all window and quit the driver, Spend 3.0581746101379395 seconds
2018-08-28 18:30:41,595 - root - INFO - ###############################  End  ###############################
Traceback (most recent call last):
  File "E:\python excercise\JUST\JustCC\testcase\test_3_organize_user.py", line 27, in test_user_del
    l=user_page.del_user(3)
  File "E:\python excercise\JUST\JustCC\public\pages\userPage.py", line 50, in del_user
    self.dr.click("css-&gt;#sidebar &gt; ul &gt; li &gt; div &gt; a:nth-child(11) &gt; span")
  File "E:\python excercise\JUST\JustCC\public\common\pyselenium.py", line 217, in click
    self.element_wait(css)
  File "E:\python excercise\JUST\JustCC\public\common\pyselenium.py", line 95, in element_wait
    WebDriverWait(self.driver, secs, 1).until(EC.presence_of_element_located((By.CSS_SELECTOR, value)),messages)
  File "C:\Python36\lib\site-packages\selenium\webdriver\support\wait.py", line 80, in until
    raise TimeoutException(message, screen, stacktrace)
selenium.common.exceptions.TimeoutException: Message: Element: css-&gt;#sidebar &gt; ul &gt; li &gt; div &gt; a:nth-child(11) &gt; span not found in 5 seconds.



        </pre>
    </div>
    <!--css div popup end-->

    </td>
</tr>

<tr class='errorClass'>
    <td>testcase.test_4_call_toolbar.TestToolbar: 话务条测试</td>
    <td>1</td>
    <td>0</td>
    <td>0</td>
    <td>1</td>
    <td><a href="javascript:showClassDetail('c4',1)">Detail</a></td>
</tr>

<tr id='ft4.1' class='none'>
    <td class='errorCase'><div class='testcase'>test_quick_call: 快速拨号</div></td>
    <td colspan='5' align='center'>

    <!--css div popup start-->
    <a class="popup_link" onfocus='this.blur();' href="javascript:showTestDetail('div_ft4.1')" >
        error</a>

    <div id='div_ft4.1' class="popup_window">
        <div style='text-align: right; color:red;cursor:pointer'>
        <a onfocus='this.blur();' onclick="document.getElementById('div_ft4.1').style.display = 'none' " >
           [x]</a>
        </div>
        <pre>
        
ft4.1: 2018-08-28 18:30:41,596 - root - INFO - ############################### START ###############################
2018-08-28 18:30:46,935 - root - INFO - SUCCESS    Start a new browser: Chrome, Spend 5.339305639266968 seconds
2018-08-28 18:30:48,528 - root - INFO - SUCCESS    Navigated to http://192.168.18.172, Spend 1.5920910835266113 seconds
2018-08-28 18:30:48,548 - root - INFO - SUCCESS    Set wait all element display in 10 seconds, Spend 0.019001007080078125 seconds
2018-08-28 18:30:51,722 - root - INFO - SUCCESS    Set browser window maximized, Spend 1.1710669994354248 seconds
2018-08-28 18:30:52,197 - root - INFO - SUCCESS    Set wait all element display in 10 seconds, Spend 0.0060002803802490234 seconds
2018-08-28 18:30:52,198 - root - INFO - SUCCESS    Set wait all element display in 5 seconds, Spend 0.0009999275207519531 seconds
2018-08-28 18:30:58,268 - root - INFO - FAIL    Unable to type element: &lt;xpath-&gt;//*[@id="top_search"]&gt; content: 13421344506, Spend 6.070346832275391 seconds
2018-08-28 18:31:01,386 - root - INFO - SUCCESS    Closed all window and quit the driver, Spend 3.114177942276001 seconds
2018-08-28 18:31:01,387 - root - INFO - ###############################  End  ###############################
Traceback (most recent call last):
  File "E:\python excercise\JUST\JustCC\testcase\test_4_call_toolbar.py", line 15, in test_quick_call
    toolbar_page.quick_call()
  File "E:\python excercise\JUST\JustCC\public\pages\toolbarPage.py", line 15, in quick_call
    self.dr.type("xpath-&gt;//*[@id=\"top_search\"]","13421344506")
  File "E:\python excercise\JUST\JustCC\public\common\pyselenium.py", line 176, in type
    self.element_wait(css)
  File "E:\python excercise\JUST\JustCC\public\common\pyselenium.py", line 93, in element_wait
    WebDriverWait(self.driver, secs, 1).until(EC.presence_of_element_located((By.XPATH, value)), messages)
  File "C:\Python36\lib\site-packages\selenium\webdriver\support\wait.py", line 80, in until
    raise TimeoutException(message, screen, stacktrace)
selenium.common.exceptions.TimeoutException: Message: Element: xpath-&gt;//*[@id="top_search"] not found in 5 seconds.



        </pre>
    </div>
    <!--css div popup end-->

    </td>
</tr>

<tr id='total_row'>
    <td>Total</td>
    <td>6</td>
    <td>1</td>
    <td>0</td>
    <td>5</td>
    <td>&nbsp;</td>
</tr>
</table>

<div id='ending'>&nbsp;</div>

</body>
</html>
